#
# A fatal error has been detected by the Java Runtime Environment:
#
#  SIGSEGV (0xb) at pc=0x0000000126608c18, pid=55987, tid=23055
#
# JRE version: Java(TM) SE Runtime Environment (8.0_45-b14) (build 1.8.0_45-b14)
# Java VM: Java HotSpot(TM) 64-Bit Server VM (25.45-b02 mixed mode bsd-amd64 compressed oops)
# Problematic frame:
# C  [libtesseract.dylib+0x12c18]  _ZN9tesseract9Tesseract15recog_all_wordsEP8PAGE_RESP10ETEXT_DESCPK4TBOXPKci+0xb0
#
# Failed to write core dump. Core dumps have been disabled. To enable core dumping, try "ulimit -c unlimited" before starting Java again
#
# If you would like to submit a bug report, please visit:
#   http://bugreport.java.com/bugreport/crash.jsp
# The crash happened outside the Java Virtual Machine in native code.
# See problematic frame for where to report the bug.
#

---------------  T H R E A D  ---------------

Current thread (0x00007fc1fe11d800):  JavaThread "pool-1-thread-1" [_thread_in_native, id=23055, stack(0x00007000014d6000,0x00007000015d6000)]

siginfo: si_signo: 11 (SIGSEGV), si_code: 1 (SEGV_MAPERR), si_addr: 0x000000000000000c

Registers:
RAX=0x0000000000000000, RBX=0x0000000000000000, RCX=0x0000000000000000, RDX=0x0000000000000000
RSP=0x00007000015d41e0, RBP=0x00007000015d4370, RSI=0x0000000000000000, RDI=0x00007000015d4328
R8 =0x0000000000000000, R9 =0x0000000000000000, R10=0x0000000000000001, R11=0x00007fc1fdc00000
R12=0x00007fc1fdc37b40, R13=0x0000000000000000, R14=0x00007fc1fdc37b40, R15=0x00007fc200001000
RIP=0x0000000126608c18, EFLAGS=0x0000000000010246, ERR=0x0000000000000004
  TRAPNO=0x000000000000000e

Top of Stack: (sp=0x00007000015d41e0)
0x00007000015d41e0:   00007fc1fdc4cd88 00007fc1fdc4cd10
0x00007000015d41f0:   0000000000000000 0000000000000000
0x00007000015d4200:   00007000015d0000 00007fc1fdc4ccc0
0x00007000015d4210:   00007fc1fbd89e01 00007fc1fdc4ae60
0x00007000015d4220:   00007fc1fdc56db8 00007fc1fdc4cd60
0x00007000015d4230:   0000000000000000 00007fc1fdc56dc0
0x00007000015d4240:   00007000015d42c0 000000012671fb2f
0x00007000015d4250:   00007fc1fdc37b40 0000000000000000
0x00007000015d4260:   0000000000000000 0000000000000000
0x00007000015d4270:   00007fc1fdc49f70 00007fc1fdc56dc0
0x00007000015d4280:   00007fc1fdc56d90 00007fc1fdc4a120
0x00007000015d4290:   00007fc1fdc56dc0 00007fc1fdc56d90
0x00007000015d42a0:   00007fc1fdc37b48 00007fc1fdc56d90
0x00007000015d42b0:   00007fc1fdc56d90 00007fc1fdc56d90
0x00007000015d42c0:   00007000015d0000 00007fc1fdc56d90
0x00007000015d42d0:   0000000000000000 00007fc1fdc56db8
0x00007000015d42e0:   00007fc1fdc4ae60 00007fc1fdc56dc0
0x00007000015d42f0:   00007fc1fdc4be00 0000000126630000
0x00007000015d4300:   00007fc1fdc56dc0 00007fc200001100
0x00007000015d4310:   00007fc1fdc56de0 00007fc1fdc4a120
0x00007000015d4320:   00007fc1fdc4a2d0 00007fc1fdc4bbf0
0x00007000015d4330:   00007000015d0000 00007fc1fdc49f70
0x00007000015d4340:   00007000015d4301 0000000000000001
0x00007000015d4350:   00007fc1fdc37b40 00007fc200001000
0x00007000015d4360:   00000000ffffffff 00007fc1fdc2f440
0x00007000015d4370:   00007000015d43e0 00000001265f9c7e
0x00007000015d4380:   00007fc1fdc2f440 000000011ebbd748
0x00007000015d4390:   0000000000000000 000000011ebbd458
0x00007000015d43a0:   0000000000000000 01007000015d43d0
0x00007000015d43b0:   00007000015d4428 00007fc1fdc2f440
0x00007000015d43c0:   0000000000000001 0000000000000001
0x00007000015d43d0:   0000000000000000 bd001531c8cfc522 

Instructions: (pc=0x0000000126608c18)
0x0000000126608bf8:   e8 59 c7 11 00 41 83 bf c0 16 00 00 00 7e 0a 4c
0x0000000126608c08:   89 ff e8 d9 d4 0c 00 eb 15 49 8b 87 10 0b 00 00
0x0000000126608c18:   80 78 0c 00 74 08 4c 89 ff e8 36 d5 0c 00 89 9d
0x0000000126608c28:   7c fe ff ff 41 83 bf f8 4b 00 00 00 7e 3e 31 db 

Register to memory mapping:

RAX=0x0000000000000000 is an unknown value
RBX=0x0000000000000000 is an unknown value
RCX=0x0000000000000000 is an unknown value
RDX=0x0000000000000000 is an unknown value
RSP=0x00007000015d41e0 is pointing into the stack for thread: 0x00007fc1fe11d800
RBP=0x00007000015d4370 is pointing into the stack for thread: 0x00007fc1fe11d800
RSI=0x0000000000000000 is an unknown value
RDI=0x00007000015d4328 is pointing into the stack for thread: 0x00007fc1fe11d800
R8 =0x0000000000000000 is an unknown value
R9 =0x0000000000000000 is an unknown value
R10=0x0000000000000001 is an unknown value
R11=0x00007fc1fdc00000 is an unknown value
R12=0x00007fc1fdc37b40 is an unknown value
R13=0x0000000000000000 is an unknown value
R14=0x00007fc1fdc37b40 is an unknown value
R15=0x00007fc200001000 is an unknown value


Stack: [0x00007000014d6000,0x00007000015d6000],  sp=0x00007000015d41e0,  free space=1016k
Native frames: (J=compiled Java code, j=interpreted, Vv=VM code, C=native code)
C  [libtesseract.dylib+0x12c18]  _ZN9tesseract9Tesseract15recog_all_wordsEP8PAGE_RESP10ETEXT_DESCPK4TBOXPKci+0xb0
C  [libtesseract.dylib+0x3c7e]  _ZN9tesseract11TessBaseAPI9RecognizeEP10ETEXT_DESC+0x314
C  [libtesseract.dylib+0x2859]  _ZN9tesseract11TessBaseAPI11GetUTF8TextEv+0x33
C  [jna2023982811975193767.tmp+0xe134]  ffi_call_unix64+0x4c
C  0x00007000015d4e38

Java frames: (J=compiled Java code, j=interpreted, Vv=VM code)
j  com.sun.jna.Native.invokePointer(JI[Ljava/lang/Object;)J+0
j  com.sun.jna.Function.invokePointer(I[Ljava/lang/Object;)Lcom/sun/jna/Pointer;+6
j  com.sun.jna.Function.invoke([Ljava/lang/Object;Ljava/lang/Class;Z)Ljava/lang/Object;+414
j  com.sun.jna.Function.invoke(Ljava/lang/reflect/Method;[Ljava/lang/Class;Ljava/lang/Class;[Ljava/lang/Object;Ljava/util/Map;)Ljava/lang/Object;+249
j  com.sun.jna.Library$Handler.invoke(Ljava/lang/Object;Ljava/lang/reflect/Method;[Ljava/lang/Object;)Ljava/lang/Object;+348
j  com.sun.proxy.$Proxy10.TessBaseAPIGetUTF8Text(Lnet/sourceforge/tess4j/ITessAPI$TessBaseAPI;)Lcom/sun/jna/Pointer;+16
j  net.sourceforge.tess4j.Tesseract.getOCRText(Ljava/lang/String;I)Ljava/lang/String;+62
j  net.sourceforge.tess4j.Tesseract.doOCR(Ljava/util/List;Ljava/lang/String;Ljava/awt/Rectangle;)Ljava/lang/String;+69
j  net.sourceforge.tess4j.Tesseract.doOCR(Ljava/util/List;Ljava/awt/Rectangle;)Ljava/lang/String;+4
j  net.sourceforge.tess4j.Tesseract.doOCR(Ljava/awt/image/BufferedImage;Ljava/awt/Rectangle;)Ljava/lang/String;+6
j  net.sourceforge.tess4j.Tesseract.doOCR(Ljava/awt/image/BufferedImage;)Ljava/lang/String;+3
j  org.apache.nifi.processors.ocr.TesseractOCRProcessor$1.process(Ljava/io/InputStream;Ljava/io/OutputStream;)V+212
j  org.apache.nifi.util.MockProcessSession.write(Lorg/apache/nifi/flowfile/FlowFile;Lorg/apache/nifi/processor/io/StreamCallback;)Lorg/apache/nifi/util/MockFlowFile;+72
j  org.apache.nifi.util.MockProcessSession.write(Lorg/apache/nifi/flowfile/FlowFile;Lorg/apache/nifi/processor/io/StreamCallback;)Lorg/apache/nifi/flowfile/FlowFile;+3
j  org.apache.nifi.processors.ocr.TesseractOCRProcessor.onTrigger(Lorg/apache/nifi/processor/ProcessContext;Lorg/apache/nifi/processor/ProcessSession;)V+53
j  org.apache.nifi.processor.AbstractProcessor.onTrigger(Lorg/apache/nifi/processor/ProcessContext;Lorg/apache/nifi/processor/ProcessSessionFactory;)V+10
j  org.apache.nifi.util.StandardProcessorTestRunner$RunProcessor.call()Ljava/lang/Throwable;+32
j  org.apache.nifi.util.StandardProcessorTestRunner$RunProcessor.call()Ljava/lang/Object;+1
j  java.util.concurrent.FutureTask.run()V+42
j  java.util.concurrent.ThreadPoolExecutor.runWorker(Ljava/util/concurrent/ThreadPoolExecutor$Worker;)V+95
j  java.util.concurrent.ThreadPoolExecutor$Worker.run()V+5
j  java.lang.Thread.run()V+11
v  ~StubRoutines::call_stub

---------------  P R O C E S S  ---------------

Java Threads: ( => current thread )
  0x00007fc1fe26e000 JavaThread "Java2D Disposer" daemon [_thread_blocked, id=48955, stack(0x0000700001af4000,0x0000700001bf4000)]
  0x00007fc1fe22f800 JavaThread "AWT-Shutdown" [_thread_blocked, id=33043, stack(0x00007000016df000,0x00007000017df000)]
  0x00007fc1fe21f000 JavaThread "AWT-AppKit" daemon [_thread_in_native, id=1295, stack(0x00007fff54506000,0x00007fff54d06000)]
=>0x00007fc1fe11d800 JavaThread "pool-1-thread-1" [_thread_in_native, id=23055, stack(0x00007000014d6000,0x00007000015d6000)]
  0x00007fc1fc817000 JavaThread "Service Thread" daemon [_thread_blocked, id=20995, stack(0x00007000012d0000,0x00007000013d0000)]
  0x00007fc1fd00d000 JavaThread "C1 CompilerThread3" daemon [_thread_blocked, id=20483, stack(0x00007000011cd000,0x00007000012cd000)]
  0x00007fc1fe00f800 JavaThread "C2 CompilerThread2" daemon [_thread_blocked, id=19971, stack(0x00007000010ca000,0x00007000011ca000)]
  0x00007fc1fc06d800 JavaThread "C2 CompilerThread1" daemon [_thread_blocked, id=19459, stack(0x0000700000fc7000,0x00007000010c7000)]
  0x00007fc1fe00f000 JavaThread "C2 CompilerThread0" daemon [_thread_blocked, id=18947, stack(0x0000700000ec4000,0x0000700000fc4000)]
  0x00007fc1fe009000 JavaThread "Signal Dispatcher" daemon [_thread_blocked, id=15887, stack(0x0000700000dc1000,0x0000700000ec1000)]
  0x00007fc1fe003000 JavaThread "Finalizer" daemon [_thread_blocked, id=14339, stack(0x0000700000c3b000,0x0000700000d3b000)]
  0x00007fc1fe002800 JavaThread "Reference Handler" daemon [_thread_blocked, id=13827, stack(0x0000700000b38000,0x0000700000c38000)]
  0x00007fc1fc806800 JavaThread "main" [_thread_blocked, id=5891, stack(0x000070000011a000,0x000070000021a000)]

Other Threads:
  0x00007fc1fc841000 VMThread [stack: 0x0000700000a35000,0x0000700000b35000] [id=13315]
  0x00007fc1fc81c800 WatcherThread [stack: 0x00007000013d3000,0x00007000014d3000] [id=21507]

VM state:not at safepoint (normal execution)

VM Mutex/Monitor currently owned by a thread: None

Heap:
 PSYoungGen      total 76288K, used 51554K [0x00000007aab00000, 0x00000007b0000000, 0x00000007c0000000)
  eden space 65536K, 78% used [0x00000007aab00000,0x00000007add58870,0x00000007aeb00000)
  from space 10752K, 0% used [0x00000007af580000,0x00000007af580000,0x00000007b0000000)
  to   space 10752K, 0% used [0x00000007aeb00000,0x00000007aeb00000,0x00000007af580000)
 ParOldGen       total 175104K, used 0K [0x0000000780000000, 0x000000078ab00000, 0x00000007aab00000)
  object space 175104K, 0% used [0x0000000780000000,0x0000000780000000,0x000000078ab00000)
 Metaspace       used 12902K, capacity 13046K, committed 13184K, reserved 1060864K
  class space    used 1617K, capacity 1661K, committed 1664K, reserved 1048576K

Card table byte_map: [0x000000011c532000,0x000000011c733000] byte_map_base: 0x0000000118932000

Marking Bits: (ParMarkBitMap*) 0x000000010cac27a0
 Begin Bits: [0x000000011c889000, 0x000000011d889000)
 End Bits:   [0x000000011d889000, 0x000000011e889000)

Polling page: 0x000000010b1ef000

CodeCache: size=245760Kb used=3686Kb max_used=3686Kb free=242073Kb
 bounds [0x000000010d172000, 0x000000010d512000, 0x000000011c172000]
 total_blobs=1339 nmethods=947 adapters=306
 compilation: enabled

Compilation events (10 events):
Event: 1.854 Thread 0x00007fc1fd00d000  941       1       java.awt.image.Raster::getSampleModelTranslateX (5 bytes)
Event: 1.854 Thread 0x00007fc1fd00d000 nmethod 941 0x000000010d50b890 code [0x000000010d50b9e0, 0x000000010d50baf0]
Event: 1.855 Thread 0x00007fc1fd00d000  942       1       java.awt.image.Raster::getSampleModelTranslateY (5 bytes)
Event: 1.855 Thread 0x00007fc1fd00d000 nmethod 942 0x000000010d50bb50 code [0x000000010d50bca0, 0x000000010d50bdb0]
Event: 1.855 Thread 0x00007fc1fd00d000  944       3       java.io.RandomAccessFile::read (8 bytes)
Event: 1.855 Thread 0x00007fc1fd00d000 nmethod 944 0x000000010d50c190 code [0x000000010d50c300, 0x000000010d50c488]
Event: 1.855 Thread 0x00007fc1fd00d000  946       3       java.lang.Math::min (12 bytes)
Event: 1.855 Thread 0x00007fc1fd00d000 nmethod 946 0x000000010d50c550 code [0x000000010d50c6c0, 0x000000010d50c850]
Event: 1.855 Thread 0x00007fc1fd00d000  947       3       java.io.RandomAccessFile::readFully (45 bytes)
Event: 1.855 Thread 0x00007fc1fd00d000 nmethod 947 0x000000010d50c8d0 code [0x000000010d50ca60, 0x000000010d50ce38]

GC Heap History (0 events):
No events

Deoptimization events (5 events):
Event: 0.207 Thread 0x00007fc1fc806800 Uncommon trap: reason=unstable_if action=reinterpret pc=0x000000010d312328 method=java.lang.String.indexOf([CII[CIII)I @ 123
Event: 0.207 Thread 0x00007fc1fc806800 Uncommon trap: reason=unstable_if action=reinterpret pc=0x000000010d2f44d4 method=java.lang.String.indexOf([CII[CIII)I @ 123
Event: 0.250 Thread 0x00007fc1fc806800 Uncommon trap: reason=unstable_if action=reinterpret pc=0x000000010d351e40 method=sun.misc.MetaIndex.mayContain(Ljava/lang/String;)Z @ 13
Event: 1.103 Thread 0x00007fc1fc806800 Uncommon trap: reason=unstable_if action=reinterpret pc=0x000000010d3d776c method=sun.misc.MetaIndex.mayContain(Ljava/lang/String;)Z @ 38
Event: 1.117 Thread 0x00007fc1fc806800 Uncommon trap: reason=unstable_if action=reinterpret pc=0x000000010d37f70c method=java.lang.String.indexOf([CII[CIII)I @ 3

Internal exceptions (10 events):
Event: 1.074 Thread 0x00007fc1fc806800 Exception <a 'java/lang/ArrayIndexOutOfBoundsException'> (0x00000007abf7de68) thrown at [/Users/java_re/workspace/8-2-build-macosx-x86_64/jdk8u45/3457/hotspot/src/share/vm/runtime/sharedRuntime.cpp, line 605]
Event: 1.074 Thread 0x00007fc1fc806800 Exception <a 'java/lang/ArrayIndexOutOfBoundsException'> (0x00000007abf80ba8) thrown at [/Users/java_re/workspace/8-2-build-macosx-x86_64/jdk8u45/3457/hotspot/src/share/vm/runtime/sharedRuntime.cpp, line 605]
Event: 1.075 Thread 0x00007fc1fc806800 Exception <a 'java/lang/ClassNotFoundException': ch/qos/logback/classic/encoder/PatternLayoutEncoderCustomizer> (0x00000007abfa0690) thrown at [/Users/java_re/workspace/8-2-build-macosx-x86_64/jdk8u45/3457/hotspot/src/share/vm/classfile/systemDictionary.c
Event: 1.075 Thread 0x00007fc1fc806800 Exception <a 'java/lang/ArrayIndexOutOfBoundsException'> (0x00000007abfa3928) thrown at [/Users/java_re/workspace/8-2-build-macosx-x86_64/jdk8u45/3457/hotspot/src/share/vm/runtime/sharedRuntime.cpp, line 605]
Event: 1.143 Thread 0x00007fc1fc806800 Exception <a 'java/lang/NoSuchMethodError': java.lang.Object.lambda$static$0()Ljava/util/Map;> (0x00000007ac38cbb8) thrown at [/Users/java_re/workspace/8-2-build-macosx-x86_64/jdk8u45/3457/hotspot/src/share/vm/interpreter/linkResolver.cpp, line 582]
Event: 1.153 Thread 0x00007fc1fc806800 Exception <a 'java/lang/NoSuchFieldError': method resolution failed> (0x00000007ac404b60) thrown at [/Users/java_re/workspace/8-2-build-macosx-x86_64/jdk8u45/3457/hotspot/src/share/vm/prims/methodHandles.cpp, line 1125]
Event: 1.155 Thread 0x00007fc1fc806800 Exception <a 'java/lang/NoSuchFieldError': method resolution failed> (0x00000007ac4134c0) thrown at [/Users/java_re/workspace/8-2-build-macosx-x86_64/jdk8u45/3457/hotspot/src/share/vm/prims/methodHandles.cpp, line 1125]
Event: 1.208 Thread 0x00007fc1fc806800 Exception <a 'java/lang/reflect/InvocationTargetException'> (0x00000007ac73aa88) thrown at [/Users/java_re/workspace/8-2-build-macosx-x86_64/jdk8u45/3457/hotspot/src/share/vm/runtime/reflection.cpp, line 1080]
Event: 1.597 Thread 0x00007fc1fe11d800 Exception <a 'java/io/FileNotFoundException'> (0x00000007ac958788) thrown at [/Users/java_re/workspace/8-2-build-macosx-x86_64/jdk8u45/3457/hotspot/src/share/vm/prims/jni.cpp, line 709]
Event: 1.597 Thread 0x00007fc1fe11d800 Exception <a 'java/io/FileNotFoundException'> (0x00000007ac959248) thrown at [/Users/java_re/workspace/8-2-build-macosx-x86_64/jdk8u45/3457/hotspot/src/share/vm/prims/jni.cpp, line 709]

Events (10 events):
Event: 1.850 loading class java/awt/image/DataBufferUShort
Event: 1.850 loading class java/awt/image/DataBufferUShort done
Event: 1.850 loading class java/awt/image/DataBufferShort
Event: 1.850 loading class java/awt/image/DataBufferShort done
Event: 1.850 loading class java/awt/image/DataBufferInt
Event: 1.850 loading class java/awt/image/DataBufferInt done
Event: 1.869 loading class java/lang/StrictMath
Event: 1.869 loading class java/lang/StrictMath done
Event: 1.869 loading class com/sun/jna/Native$Buffers
Event: 1.869 loading class com/sun/jna/Native$Buffers done


Dynamic libraries:
0x00000000029d0000 	/System/Library/Frameworks/Cocoa.framework/Versions/A/Cocoa
0x00000000029d0000 	/System/Library/Frameworks/Security.framework/Versions/A/Security
0x00000000029d0000 	/System/Library/Frameworks/ApplicationServices.framework/Versions/A/ApplicationServices
0x00000000029d0000 	/usr/lib/libz.1.dylib
0x00000000029d0000 	/usr/lib/libSystem.B.dylib
0x00000000029d0000 	/usr/lib/libobjc.A.dylib
0x00000000029d0000 	/System/Library/Frameworks/CoreFoundation.framework/Versions/A/CoreFoundation
0x00000000029d0000 	/System/Library/Frameworks/Foundation.framework/Versions/C/Foundation
0x00000000029d0000 	/System/Library/Frameworks/AppKit.framework/Versions/C/AppKit
0x00000000029d0000 	/System/Library/Frameworks/CoreData.framework/Versions/A/CoreData
0x00000000029d0000 	/System/Library/PrivateFrameworks/RemoteViewServices.framework/Versions/A/RemoteViewServices
0x00000000029d0000 	/System/Library/PrivateFrameworks/UIFoundation.framework/Versions/A/UIFoundation
0x00000000029d0000 	/usr/lib/libScreenReader.dylib
0x00000000029d0000 	/System/Library/Frameworks/Accelerate.framework/Versions/A/Accelerate
0x00000000029d0000 	/System/Library/Frameworks/IOSurface.framework/Versions/A/IOSurface
0x00000000029d0000 	/System/Library/Frameworks/AudioToolbox.framework/Versions/A/AudioToolbox
0x00000000029d0000 	/System/Library/Frameworks/AudioUnit.framework/Versions/A/AudioUnit
0x00000000029d0000 	/System/Library/PrivateFrameworks/DataDetectorsCore.framework/Versions/A/DataDetectorsCore
0x00000000029d0000 	/System/Library/PrivateFrameworks/DesktopServicesPriv.framework/Versions/A/DesktopServicesPriv
0x00000000029d0000 	/System/Library/Frameworks/Carbon.framework/Versions/A/Frameworks/HIToolbox.framework/Versions/A/HIToolbox
0x00000000029d0000 	/System/Library/Frameworks/QuartzCore.framework/Versions/A/QuartzCore
0x00000000029d0000 	/System/Library/Frameworks/Carbon.framework/Versions/A/Frameworks/SpeechRecognition.framework/Versions/A/SpeechRecognition
0x00000000029d0000 	/usr/lib/libauto.dylib
0x00000000029d0000 	/usr/lib/libicucore.A.dylib
0x00000000029d0000 	/usr/lib/libxml2.2.dylib
0x00000000029d0000 	/System/Library/PrivateFrameworks/CoreUI.framework/Versions/A/CoreUI
0x00000000029d0000 	/System/Library/Frameworks/CoreAudio.framework/Versions/A/CoreAudio
0x00000000029d0000 	/System/Library/Frameworks/DiskArbitration.framework/Versions/A/DiskArbitration
0x00000000029d0000 	/usr/lib/liblangid.dylib
0x00000000029d0000 	/System/Library/PrivateFrameworks/MultitouchSupport.framework/Versions/A/MultitouchSupport
0x00000000029d0000 	/System/Library/Frameworks/IOKit.framework/Versions/A/IOKit
0x00000000029d0000 	/usr/lib/libDiagnosticMessagesClient.dylib
0x00000000029d0000 	/System/Library/Frameworks/CoreServices.framework/Versions/A/CoreServices
0x00000000029d0000 	/System/Library/PrivateFrameworks/PerformanceAnalysis.framework/Versions/A/PerformanceAnalysis
0x00000000029d0000 	/System/Library/PrivateFrameworks/GenerationalStorage.framework/Versions/A/GenerationalStorage
0x00000000029d0000 	/System/Library/Frameworks/OpenGL.framework/Versions/A/OpenGL
0x00000000029d0000 	/System/Library/PrivateFrameworks/Sharing.framework/Versions/A/Sharing
0x00000000029d0000 	/System/Library/Frameworks/CoreGraphics.framework/Versions/A/CoreGraphics
0x00000000029d0000 	/System/Library/Frameworks/CoreImage.framework/Versions/A/CoreImage
0x00000000029d0000 	/System/Library/Frameworks/CoreText.framework/Versions/A/CoreText
0x00000000029d0000 	/System/Library/Frameworks/ImageIO.framework/Versions/A/ImageIO
0x00000000029d0000 	/System/Library/PrivateFrameworks/Backup.framework/Versions/A/Backup
0x00000000029d0000 	/usr/lib/libextension.dylib
0x00000000029d0000 	/usr/lib/libarchive.2.dylib
0x00000000029d0000 	/System/Library/Frameworks/CFNetwork.framework/Versions/A/CFNetwork
0x00000000029d0000 	/System/Library/Frameworks/SystemConfiguration.framework/Versions/A/SystemConfiguration
0x00000000029d0000 	/usr/lib/libCRFSuite.dylib
0x00000000029d0000 	/usr/lib/libc++.1.dylib
0x00000000029d0000 	/usr/lib/libc++abi.dylib
0x00000000029d0000 	/usr/lib/system/libcache.dylib
0x00000000029d0000 	/usr/lib/system/libcommonCrypto.dylib
0x00000000029d0000 	/usr/lib/system/libcompiler_rt.dylib
0x00000000029d0000 	/usr/lib/system/libcopyfile.dylib
0x00000000029d0000 	/usr/lib/system/libcorecrypto.dylib
0x00000000029d0000 	/usr/lib/system/libdispatch.dylib
0x00000000029d0000 	/usr/lib/system/libdyld.dylib
0x00000000029d0000 	/usr/lib/system/libkeymgr.dylib
0x00000000029d0000 	/usr/lib/system/liblaunch.dylib
0x00000000029d0000 	/usr/lib/system/libmacho.dylib
0x00000000029d0000 	/usr/lib/system/libquarantine.dylib
0x00000000029d0000 	/usr/lib/system/libremovefile.dylib
0x00000000029d0000 	/usr/lib/system/libsystem_asl.dylib
0x00000000029d0000 	/usr/lib/system/libsystem_blocks.dylib
0x00000000029d0000 	/usr/lib/system/libsystem_c.dylib
0x00000000029d0000 	/usr/lib/system/libsystem_configuration.dylib
0x00000000029d0000 	/usr/lib/system/libsystem_coreservices.dylib
0x00000000029d0000 	/usr/lib/system/libsystem_coretls.dylib
0x00000000029d0000 	/usr/lib/system/libsystem_dnssd.dylib
0x00000000029d0000 	/usr/lib/system/libsystem_info.dylib
0x00000000029d0000 	/usr/lib/system/libsystem_kernel.dylib
0x00000000029d0000 	/usr/lib/system/libsystem_m.dylib
0x00000000029d0000 	/usr/lib/system/libsystem_malloc.dylib
0x00000000029d0000 	/usr/lib/system/libsystem_network.dylib
0x00000000029d0000 	/usr/lib/system/libsystem_networkextension.dylib
0x00000000029d0000 	/usr/lib/system/libsystem_notify.dylib
0x00000000029d0000 	/usr/lib/system/libsystem_platform.dylib
0x00000000029d0000 	/usr/lib/system/libsystem_pthread.dylib
0x00000000029d0000 	/usr/lib/system/libsystem_sandbox.dylib
0x00000000029d0000 	/usr/lib/system/libsystem_secinit.dylib
0x00000000029d0000 	/usr/lib/system/libsystem_trace.dylib
0x00000000029d0000 	/usr/lib/system/libunc.dylib
0x00000000029d0000 	/usr/lib/system/libunwind.dylib
0x00000000029d0000 	/usr/lib/system/libxpc.dylib
0x00000000029d0000 	/usr/lib/libenergytrace.dylib
0x00000000029d0000 	/usr/lib/libbsm.0.dylib
0x00000000029d0000 	/usr/lib/system/libkxld.dylib
0x00000000029d0000 	/usr/lib/libxar.1.dylib
0x00000000029d0000 	/usr/lib/libsqlite3.dylib
0x00000000029d0000 	/usr/lib/libpam.2.dylib
0x00000000029d0000 	/usr/lib/libOpenScriptingUtil.dylib
0x00000000029d0000 	/usr/lib/libbz2.1.0.dylib
0x00000000029d0000 	/usr/lib/liblzma.5.dylib
0x00000000029d0000 	/System/Library/Frameworks/CoreServices.framework/Versions/A/Frameworks/FSEvents.framework/Versions/A/FSEvents
0x00000000029d0000 	/System/Library/Frameworks/CoreServices.framework/Versions/A/Frameworks/CarbonCore.framework/Versions/A/CarbonCore
0x00000000029d0000 	/System/Library/Frameworks/CoreServices.framework/Versions/A/Frameworks/Metadata.framework/Versions/A/Metadata
0x00000000029d0000 	/System/Library/Frameworks/CoreServices.framework/Versions/A/Frameworks/OSServices.framework/Versions/A/OSServices
0x00000000029d0000 	/System/Library/Frameworks/CoreServices.framework/Versions/A/Frameworks/SearchKit.framework/Versions/A/SearchKit
0x00000000029d0000 	/System/Library/Frameworks/CoreServices.framework/Versions/A/Frameworks/AE.framework/Versions/A/AE
0x00000000029d0000 	/System/Library/Frameworks/CoreServices.framework/Versions/A/Frameworks/LaunchServices.framework/Versions/A/LaunchServices
0x00000000029d0000 	/System/Library/Frameworks/CoreServices.framework/Versions/A/Frameworks/DictionaryServices.framework/Versions/A/DictionaryServices
0x00000000029d0000 	/System/Library/Frameworks/CoreServices.framework/Versions/A/Frameworks/SharedFileList.framework/Versions/A/SharedFileList
0x00000000029d0000 	/System/Library/Frameworks/NetFS.framework/Versions/A/NetFS
0x00000000029d0000 	/System/Library/PrivateFrameworks/NetAuth.framework/Versions/A/NetAuth
0x00000000029d0000 	/System/Library/PrivateFrameworks/login.framework/Versions/A/Frameworks/loginsupport.framework/Versions/A/loginsupport
0x00000000029d0000 	/System/Library/PrivateFrameworks/TCC.framework/Versions/A/TCC
0x00000000029d0000 	/usr/lib/libmecabra.dylib
0x00000000029d0000 	/System/Library/Frameworks/ApplicationServices.framework/Versions/A/Frameworks/ATS.framework/Versions/A/ATS
0x00000000029d0000 	/System/Library/Frameworks/ApplicationServices.framework/Versions/A/Frameworks/ColorSync.framework/Versions/A/ColorSync
0x00000000029d0000 	/System/Library/Frameworks/ApplicationServices.framework/Versions/A/Frameworks/HIServices.framework/Versions/A/HIServices
0x00000000029d0000 	/System/Library/Frameworks/ApplicationServices.framework/Versions/A/Frameworks/LangAnalysis.framework/Versions/A/LangAnalysis
0x00000000029d0000 	/System/Library/Frameworks/ApplicationServices.framework/Versions/A/Frameworks/PrintCore.framework/Versions/A/PrintCore
0x00000000029d0000 	/System/Library/Frameworks/ApplicationServices.framework/Versions/A/Frameworks/QD.framework/Versions/A/QD
0x00000000029d0000 	/System/Library/Frameworks/ApplicationServices.framework/Versions/A/Frameworks/SpeechSynthesis.framework/Versions/A/SpeechSynthesis
0x00000000029d0000 	/System/Library/Frameworks/Metal.framework/Versions/A/Metal
0x00000000029d0000 	/System/Library/Frameworks/Accelerate.framework/Versions/A/Frameworks/vImage.framework/Versions/A/vImage
0x00000000029d0000 	/System/Library/Frameworks/Accelerate.framework/Versions/A/Frameworks/vecLib.framework/Versions/A/vecLib
0x00000000029d0000 	/System/Library/Frameworks/Accelerate.framework/Versions/A/Frameworks/vecLib.framework/Versions/A/libvDSP.dylib
0x00000000029d0000 	/System/Library/Frameworks/Accelerate.framework/Versions/A/Frameworks/vecLib.framework/Versions/A/libvMisc.dylib
0x00000000029d0000 	/System/Library/Frameworks/Accelerate.framework/Versions/A/Frameworks/vecLib.framework/Versions/A/libLAPACK.dylib
0x00000000029d0000 	/System/Library/Frameworks/Accelerate.framework/Versions/A/Frameworks/vecLib.framework/Versions/A/libBLAS.dylib
0x00000000029d0000 	/System/Library/Frameworks/Accelerate.framework/Versions/A/Frameworks/vecLib.framework/Versions/A/libLinearAlgebra.dylib
0x00000000029d0000 	/System/Library/Frameworks/Accelerate.framework/Versions/A/Frameworks/vecLib.framework/Versions/A/libSparseBLAS.dylib
0x00000000029d0000 	/System/Library/PrivateFrameworks/GPUCompiler.framework/libmetal_timestamp.dylib
0x00000000029d0000 	/System/Library/Frameworks/OpenGL.framework/Versions/A/Libraries/libCoreFSCache.dylib
0x00000000029d0000 	/System/Library/PrivateFrameworks/IOAccelerator.framework/Versions/A/IOAccelerator
0x00000000029d0000 	/System/Library/Frameworks/ApplicationServices.framework/Versions/A/Frameworks/ATS.framework/Versions/A/Resources/libFontParser.dylib
0x00000000029d0000 	/System/Library/Frameworks/ApplicationServices.framework/Versions/A/Frameworks/ATS.framework/Versions/A/Resources/libFontRegistry.dylib
0x00000000029d0000 	/System/Library/PrivateFrameworks/AppleVPA.framework/Versions/A/AppleVPA
0x00000000029d0000 	/System/Library/PrivateFrameworks/AppleJPEG.framework/Versions/A/AppleJPEG
0x00000000029d0000 	/System/Library/Frameworks/ImageIO.framework/Versions/A/Resources/libJPEG.dylib
0x00000000029d0000 	/System/Library/Frameworks/ImageIO.framework/Versions/A/Resources/libTIFF.dylib
0x00000000029d0000 	/System/Library/Frameworks/ImageIO.framework/Versions/A/Resources/libPng.dylib
0x00000000029d0000 	/System/Library/Frameworks/ImageIO.framework/Versions/A/Resources/libGIF.dylib
0x00000000029d0000 	/System/Library/Frameworks/ImageIO.framework/Versions/A/Resources/libJP2.dylib
0x00000000029d0000 	/System/Library/Frameworks/ImageIO.framework/Versions/A/Resources/libRadiance.dylib
0x00000000029d0000 	/System/Library/Frameworks/CoreVideo.framework/Versions/A/CoreVideo
0x00000000029d0000 	/System/Library/Frameworks/OpenGL.framework/Versions/A/Libraries/libGLU.dylib
0x00000000029d0000 	/System/Library/Frameworks/OpenGL.framework/Versions/A/Libraries/libGFXShared.dylib
0x00000000029d0000 	/System/Library/Frameworks/OpenGL.framework/Versions/A/Libraries/libGL.dylib
0x00000000029d0000 	/System/Library/Frameworks/OpenGL.framework/Versions/A/Libraries/libGLImage.dylib
0x00000000029d0000 	/System/Library/Frameworks/OpenGL.framework/Versions/A/Libraries/libCVMSPluginSupport.dylib
0x00000000029d0000 	/System/Library/Frameworks/OpenGL.framework/Versions/A/Libraries/libCoreVMClient.dylib
0x00000000029d0000 	/usr/lib/libcompression.dylib
0x00000000029d0000 	/usr/lib/libcups.2.dylib
0x00000000029d0000 	/System/Library/Frameworks/Kerberos.framework/Versions/A/Kerberos
0x00000000029d0000 	/System/Library/Frameworks/GSS.framework/Versions/A/GSS
0x00000000029d0000 	/usr/lib/libresolv.9.dylib
0x00000000029d0000 	/usr/lib/libiconv.2.dylib
0x00000000029d0000 	/System/Library/PrivateFrameworks/Heimdal.framework/Versions/A/Heimdal
0x00000000029d0000 	/usr/lib/libheimdal-asn1.dylib
0x00000000029d0000 	/System/Library/Frameworks/OpenDirectory.framework/Versions/A/OpenDirectory
0x00000000029d0000 	/System/Library/PrivateFrameworks/CommonAuth.framework/Versions/A/CommonAuth
0x00000000029d0000 	/System/Library/Frameworks/OpenDirectory.framework/Versions/A/Frameworks/CFOpenDirectory.framework/Versions/A/CFOpenDirectory
0x00000000029d0000 	/System/Library/Frameworks/SecurityFoundation.framework/Versions/A/SecurityFoundation
0x00000000029d0000 	/System/Library/PrivateFrameworks/LanguageModeling.framework/Versions/A/LanguageModeling
0x00000000029d0000 	/usr/lib/libmarisa.dylib
0x00000000029d0000 	/usr/lib/libChineseTokenizer.dylib
0x00000000029d0000 	/usr/lib/libcmph.dylib
0x00000000029d0000 	/System/Library/Frameworks/ServiceManagement.framework/Versions/A/ServiceManagement
0x00000000029d0000 	/usr/lib/libxslt.1.dylib
0x00000000029d0000 	/System/Library/Frameworks/Carbon.framework/Versions/A/Frameworks/Ink.framework/Versions/A/Ink
0x00000000029d0000 	/usr/lib/libFosl_dynamic.dylib
0x00000000029d0000 	/System/Library/PrivateFrameworks/FaceCore.framework/Versions/A/FaceCore
0x00000000029d0000 	/System/Library/Frameworks/OpenCL.framework/Versions/A/OpenCL
0x00000000029d0000 	/System/Library/PrivateFrameworks/CrashReporterSupport.framework/Versions/A/CrashReporterSupport
0x00000000029d0000 	/System/Library/PrivateFrameworks/IconServices.framework/Versions/A/IconServices
0x00000000029d0000 	/System/Library/PrivateFrameworks/Apple80211.framework/Versions/A/Apple80211
0x00000000029d0000 	/System/Library/Frameworks/CoreWLAN.framework/Versions/A/CoreWLAN
0x00000000029d0000 	/System/Library/Frameworks/IOBluetooth.framework/Versions/A/IOBluetooth
0x00000000029d0000 	/System/Library/PrivateFrameworks/CoreWiFi.framework/Versions/A/CoreWiFi
0x00000000029d0000 	/System/Library/Frameworks/CoreBluetooth.framework/Versions/A/CoreBluetooth
0x00000000029d0000 	/System/Library/PrivateFrameworks/ChunkingLibrary.framework/Versions/A/ChunkingLibrary
0x00000000029d0000 	/System/Library/PrivateFrameworks/DebugSymbols.framework/Versions/A/DebugSymbols
0x00000000029d0000 	/System/Library/PrivateFrameworks/CoreSymbolication.framework/Versions/A/CoreSymbolication
0x00000000029d0000 	/System/Library/PrivateFrameworks/Symbolication.framework/Versions/A/Symbolication
0x00000000029d0000 	/System/Library/PrivateFrameworks/SpeechRecognitionCore.framework/Versions/A/SpeechRecognitionCore
0x000000010c200000 	/Library/Java/JavaVirtualMachines/jdk1.8.0_45.jdk/Contents/Home/jre/lib/server/libjvm.dylib
0x00000000029d0000 	/usr/lib/libstdc++.6.dylib
0x000000010b1ac000 	/Library/Java/JavaVirtualMachines/jdk1.8.0_45.jdk/Contents/Home/jre/lib/libverify.dylib
0x000000010b1ba000 	/Library/Java/JavaVirtualMachines/jdk1.8.0_45.jdk/Contents/Home/jre/lib/libjava.dylib
0x000000010d169000 	/Library/Java/JavaVirtualMachines/jdk1.8.0_45.jdk/Contents/Home/jre/lib/libzip.dylib
0x00000001211c3000 	/System/Library/Frameworks/JavaVM.framework/Frameworks/JavaRuntimeSupport.framework/JavaRuntimeSupport
0x00000001211de000 	/System/Library/Frameworks/JavaVM.framework/Versions/A/Frameworks/JavaNativeFoundation.framework/Versions/A/JavaNativeFoundation
0x00000001211f3000 	/System/Library/Frameworks/JavaVM.framework/Versions/A/JavaVM
0x00000000029d0000 	/System/Library/Frameworks/Carbon.framework/Versions/A/Carbon
0x0000000121200000 	/System/Library/PrivateFrameworks/JavaLaunching.framework/Versions/A/JavaLaunching
0x00000000029d0000 	/System/Library/Frameworks/Carbon.framework/Versions/A/Frameworks/CommonPanels.framework/Versions/A/CommonPanels
0x00000000029d0000 	/System/Library/Frameworks/Carbon.framework/Versions/A/Frameworks/Help.framework/Versions/A/Help
0x00000000029d0000 	/System/Library/Frameworks/Carbon.framework/Versions/A/Frameworks/ImageCapture.framework/Versions/A/ImageCapture
0x00000000029d0000 	/System/Library/Frameworks/Carbon.framework/Versions/A/Frameworks/OpenScripting.framework/Versions/A/OpenScripting
0x00000000029d0000 	/System/Library/Frameworks/Carbon.framework/Versions/A/Frameworks/Print.framework/Versions/A/Print
0x00000000029d0000 	/System/Library/Frameworks/Carbon.framework/Versions/A/Frameworks/SecurityHI.framework/Versions/A/SecurityHI
0x0000000122ecf000 	/Library/Java/JavaVirtualMachines/jdk1.8.0_45.jdk/Contents/Home/jre/lib/libnet.dylib
0x00000001232f1000 	/Library/Java/JavaVirtualMachines/jdk1.8.0_45.jdk/Contents/Home/jre/lib/libnio.dylib
0x0000000123466000 	/Library/Java/JavaVirtualMachines/jdk1.8.0_45.jdk/Contents/Home/jre/lib/libawt.dylib
0x000000012350e000 	/Library/Java/JavaVirtualMachines/jdk1.8.0_45.jdk/Contents/Home/jre/lib/./libmlib_image.dylib
0x00000001235da000 	/Library/Java/JavaVirtualMachines/jdk1.8.0_45.jdk/Contents/Home/jre/lib/libawt_lwawt.dylib
0x0000000122d1b000 	/Library/Java/JavaVirtualMachines/jdk1.8.0_45.jdk/Contents/Home/jre/lib/./libosxapp.dylib
0x00000000029d0000 	/System/Library/Frameworks/ExceptionHandling.framework/Versions/A/ExceptionHandling
0x00000000029d0000 	/System/Library/PrivateFrameworks/CoreServicesInternal.framework/Versions/A/CoreServicesInternal
0x00000001244f5000 	/System/Library/Frameworks/CoreGraphics.framework/Versions/A/Resources/libRIP.A.dylib
0x00000000029d0000 	/System/Library/Frameworks/Accelerate.framework/Versions/A/Frameworks/vImage.framework/Versions/A/Libraries/libCGInterfaces.dylib
0x000000012481c000 	/System/Library/Frameworks/CoreGraphics.framework/Versions/A/Resources/libCGXType.A.dylib
0x00000000029d0000 	/System/Library/Frameworks/OpenCL.framework/Versions/A/Libraries/libcldcpuengine.dylib
0x00000000029d0000 	/System/Library/PrivateFrameworks/DiskImages.framework/Versions/A/DiskImages
0x00000000029d0000 	/System/Library/Frameworks/DiscRecording.framework/Versions/A/DiscRecording
0x00000000029d0000 	/usr/lib/libcsfde.dylib
0x00000000029d0000 	/usr/lib/libcurl.4.dylib
0x00000000029d0000 	/System/Library/PrivateFrameworks/MediaKit.framework/Versions/A/MediaKit
0x00000000029d0000 	/System/Library/PrivateFrameworks/ProtectedCloudStorage.framework/Versions/A/ProtectedCloudStorage
0x00000000029d0000 	/usr/lib/libCoreStorage.dylib
0x00000000029d0000 	/System/Library/PrivateFrameworks/EFILogin.framework/Versions/A/EFILogin
0x00000000029d0000 	/usr/lib/libutil.dylib
0x00000000029d0000 	/System/Library/PrivateFrameworks/FindMyDevice.framework/Versions/A/FindMyDevice
0x00000000029d0000 	/System/Library/Frameworks/LDAP.framework/Versions/A/LDAP
0x00000000029d0000 	/usr/lib/libsasl2.2.dylib
0x00000000029d0000 	/System/Library/PrivateFrameworks/CoreDaemon.framework/Versions/B/CoreDaemon
0x00000000029d0000 	/usr/lib/libcrypto.0.9.8.dylib
0x00000000029d0000 	/System/Library/PrivateFrameworks/AppleSRP.framework/Versions/A/AppleSRP
0x00000000029d0000 	/System/Library/PrivateFrameworks/TrustEvaluationAgent.framework/Versions/A/TrustEvaluationAgent
0x0000000122ea6000 	cl_kernels
0x00000000029d0000 	/System/Library/Frameworks/OpenCL.framework/Versions/A/Libraries/ImageFormats/unorm8_bgra.dylib
0x00000000029d0000 	/System/Library/Frameworks/OpenCL.framework/Versions/A/Libraries/ImageFormats/unorm8_rgba.dylib
0x00000000029d0000 	/System/Library/PrivateFrameworks/FamilyControls.framework/Versions/A/FamilyControls
0x00000000029d0000 	/System/Library/PrivateFrameworks/CommerceKit.framework/Versions/A/Frameworks/CommerceCore.framework/Versions/A/CommerceCore
0x00000000029d0000 	/System/Library/PrivateFrameworks/SystemAdministration.framework/Versions/A/SystemAdministration
0x00000000029d0000 	/System/Library/PrivateFrameworks/AppContainer.framework/Versions/A/AppContainer
0x00000000029d0000 	/System/Library/PrivateFrameworks/SecCodeWrapper.framework/Versions/A/SecCodeWrapper
0x00000000029d0000 	/System/Library/Frameworks/DirectoryService.framework/Versions/A/DirectoryService
0x00000000029d0000 	/System/Library/PrivateFrameworks/LoginUIKit.framework/Versions/A/Frameworks/LoginUICore.framework/Versions/A/LoginUICore
0x00000000029d0000 	/usr/lib/libodfde.dylib
0x0000000122d77000 	/Library/Java/JavaVirtualMachines/jdk1.8.0_45.jdk/Contents/Home/jre/lib/libjpeg.dylib
0x0000000122ea8000 	/private/var/folders/p3/psr5lt5j4d7bs48h81r7km9h0000gn/T/jna-100991852/jna2023982811975193767.tmp
0x00000001265f6000 	/usr/local/lib/libtesseract.dylib
0x0000000126b18000 	/usr/local/opt/leptonica/lib/liblept.4.dylib
0x0000000126cec000 	/usr/local/lib/libpng16.16.dylib
0x0000000126d18000 	/usr/local/lib/libjpeg.8.dylib
0x0000000126d4b000 	/usr/local/lib/libtiff.5.dylib

VM Arguments:
jvm_args: -Xmx1G -Djava.net.preferIPv4Stack=true 
java_command: /Users/jdyer/Development/github/nifi-addons/Processors/nifi-ocr/nifi-ocr-processors/target/surefire/surefirebooter3758023814057774830.jar /Users/jdyer/Development/github/nifi-addons/Processors/nifi-ocr/nifi-ocr-processors/target/surefire/surefire8497435879941524692tmp /Users/jdyer/Development/github/nifi-addons/Processors/nifi-ocr/nifi-ocr-processors/target/surefire/surefire_51753049613491431808tmp
java_class_path (initial): /Users/jdyer/Development/github/nifi-addons/Processors/nifi-ocr/nifi-ocr-processors/target/surefire/surefirebooter3758023814057774830.jar
Launcher Type: SUN_STANDARD

Environment Variables:
JAVA_HOME=/Library/Java/JavaVirtualMachines/jdk1.8.0_45.jdk/Contents/Home
PATH=/Developer/NVIDIA/CUDA-7.5/bin:/usr/local/sbin:/usr/local/bin:/usr/bin:/bin:/usr/sbin:/sbin:/usr/local/go/bin:/Users/jdyer/Development/go/bin:/Users/jdyer/bin:/Users/jdyer/Desktop/nifi/MiNiFi/minifi-toolkit-0.0.1/bin
SHELL=/bin/bash

Signal Handlers:
SIGSEGV: [libjvm.dylib+0x58ef95], sa_mask[0]=11111111011111110111111111111111, sa_flags=SA_ONSTACK|SA_RESTART|SA_SIGINFO
SIGBUS: [libjvm.dylib+0x58ef95], sa_mask[0]=11111111011111110111111111111111, sa_flags=SA_RESTART|SA_SIGINFO
SIGFPE: [libjvm.dylib+0x46c108], sa_mask[0]=11111111011111110111111111111111, sa_flags=SA_RESTART|SA_SIGINFO
SIGPIPE: [libjvm.dylib+0x46c108], sa_mask[0]=11111111011111110111111111111111, sa_flags=SA_RESTART|SA_SIGINFO
SIGXFSZ: [libjvm.dylib+0x46c108], sa_mask[0]=11111111011111110111111111111111, sa_flags=SA_RESTART|SA_SIGINFO
SIGILL: [libjvm.dylib+0x46c108], sa_mask[0]=11111111011111110111111111111111, sa_flags=SA_RESTART|SA_SIGINFO
SIGUSR1: SIG_DFL, sa_mask[0]=11011111011111100000000111000110, sa_flags=none
SIGUSR2: [libjvm.dylib+0x46bc26], sa_mask[0]=00100000000000000000000000000000, sa_flags=SA_RESTART|SA_SIGINFO
SIGHUP: [libjvm.dylib+0x46a1f9], sa_mask[0]=11111111011111110111111111111111, sa_flags=SA_RESTART|SA_SIGINFO
SIGINT: [libjvm.dylib+0x46a1f9], sa_mask[0]=11111111011111110111111111111111, sa_flags=SA_RESTART|SA_SIGINFO
SIGTERM: [libjvm.dylib+0x46a1f9], sa_mask[0]=11111111011111110111111111111111, sa_flags=SA_RESTART|SA_SIGINFO
SIGQUIT: [libjvm.dylib+0x46a1f9], sa_mask[0]=11111111011111110111111111111111, sa_flags=SA_RESTART|SA_SIGINFO


---------------  S Y S T E M  ---------------

OS:Bsduname:Darwin 15.6.0 Darwin Kernel Version 15.6.0: Mon Aug 29 20:21:34 PDT 2016; root:xnu-3248.60.11~1/RELEASE_X86_64 x86_64
rlimit: STACK 8192k, CORE 0k, NPROC 709, NOFILE 10240, AS infinity
load average:4.23 3.11 2.69

CPU:total 8 (4 cores per cpu, 2 threads per core) family 6 model 70 stepping 1, cmov, cx8, fxsr, mmx, sse, sse2, sse3, ssse3, sse4.1, sse4.2, popcnt, avx, avx2, aes, clmul, erms, rtm, lzcnt, ht, tsc, tscinvbit, bmi1, bmi2

Memory: 4k page, physical 16777216k(708616k free)

/proc/meminfo:


vm_info: Java HotSpot(TM) 64-Bit Server VM (25.45-b02) for bsd-amd64 JRE (1.8.0_45-b14), built on Apr 10 2015 10:46:38 by "java_re" with gcc 4.2.1 (Based on Apple Inc. build 5658) (LLVM build 2336.11.00)

time: Mon Sep 12 10:09:01 2016
elapsed time: 1 seconds (0d 0h 0m 1s)

