#
# A fatal error has been detected by the Java Runtime Environment:
#
#  SIGSEGV (0xb) at pc=0x0000000121b78faa, pid=3012, tid=23047
#
# JRE version: Java(TM) SE Runtime Environment (8.0_45-b14) (build 1.8.0_45-b14)
# Java VM: Java HotSpot(TM) 64-Bit Server VM (25.45-b02 mixed mode bsd-amd64 compressed oops)
# Problematic frame:
# C  [libtesseract.dylib+0x12faa]  _ZN9tesseract9Tesseract15recog_all_wordsEP8PAGE_RESP10ETEXT_DESCPK4TBOXPKci+0xb0
#
# Failed to write core dump. Core dumps have been disabled. To enable core dumping, try "ulimit -c unlimited" before starting Java again
#
# If you would like to submit a bug report, please visit:
#   http://bugreport.java.com/bugreport/crash.jsp
# The crash happened outside the Java Virtual Machine in native code.
# See problematic frame for where to report the bug.
#

---------------  T H R E A D  ---------------

Current thread (0x00007ff1e4181800):  JavaThread "pool-1-thread-1" [_thread_in_native, id=23047, stack(0x000000011bf0d000,0x000000011c00d000)]

siginfo: si_signo: 11 (SIGSEGV), si_code: 1 (SEGV_MAPERR), si_addr: 0x000000000000000c

Registers:
RAX=0x0000000000000000, RBX=0x0000000000000000, RCX=0x0000000000000000, RDX=0x0000000000000000
RSP=0x000000011c00b1f0, RBP=0x000000011c00b380, RSI=0x0000000000000000, RDI=0x000000011c00b320
R8 =0x0000000000000000, R9 =0x0000000000000000, R10=0x0000000000000004, R11=0x00007ff1e1500000
R12=0x00007ff1e15ce1e0, R13=0x0000000000000000, R14=0x00007ff1e15ce1e0, R15=0x00007ff1e41ee200
RIP=0x0000000121b78faa, EFLAGS=0x0000000000010246, ERR=0x0000000000000004
  TRAPNO=0x000000000000000e

Top of Stack: (sp=0x000000011c00b1f0)
0x000000011c00b1f0:   00007ff1e15c6598 00007ff1e15c6520
0x000000011c00b200:   0000000000000000 0000000000000000
0x000000011c00b210:   000000011c000000 00007ff1e15c6520
0x000000011c00b220:   00007ff1e15c6e01 00007ff1e15ce2f0
0x000000011c00b230:   00007ff1e15ce2e8 00007ff1e15c6570
0x000000011c00b240:   0000000000000000 0000000000000000
0x000000011c00b250:   000000011c00b2d0 0000000121ca17c8
0x000000011c00b260:   00007ff1e15ce1e0 0000000000000000
0x000000011c00b270:   0000000000000000 0000000000000000
0x000000011c00b280:   00007ff1e15c5fd0 00007ff1e15ce090
0x000000011c00b290:   00007ff1e15c6f50 00007ff1e15cd920
0x000000011c00b2a0:   00007ff1e15ce2f0 00007ff1e15ce2c0
0x000000011c00b2b0:   00007ff1e15ce1e8 00007ff1e15c6f50
0x000000011c00b2c0:   00007ff1e15ce2c0 00007ff1e15c6f50
0x000000011c00b2d0:   000000011c000000 00007ff1e15c6f50
0x000000011c00b2e0:   0000000000000001 00007ff1e15ce2e8
0x000000011c00b2f0:   00007ff1e15ce2f0 00007ff1e15ce2f0
0x000000011c00b300:   00007ff1e15ce2f0 0000000000000000
0x000000011c00b310:   00007ff1e15ce2f0 0000000121ba6500
0x000000011c00b320:   00007ff1e15ce310 00007ff1e15cd920
0x000000011c00b330:   00007ff1e15cd920 00007ff1e15cd920
0x000000011c00b340:   000000011c000000 00007ff1e15cd920
0x000000011c00b350:   000000011c00b301 0000000000000001
0x000000011c00b360:   00007ff1e15ce1e0 00007ff1e41ee200
0x000000011c00b370:   00000000ffffffff 00007ff1e3c86150
0x000000011c00b380:   000000011c00b3f0 0000000121b6a48e
0x000000011c00b390:   00007ff1e3c86150 00000001172bb748
0x000000011c00b3a0:   0000000000000000 00000001172bb458
0x000000011c00b3b0:   0000000000000000 010000011c00b3e0
0x000000011c00b3c0:   000000011c00b438 00007ff1e3c86150
0x000000011c00b3d0:   0000000000000001 0000000000000001
0x000000011c00b3e0:   0000000000000000 2500058506f2aa77 

Instructions: (pc=0x0000000121b78faa)
0x0000000121b78f8a:   e8 33 e1 12 00 41 83 bf c0 16 00 00 00 7e 0a 4c
0x0000000121b78f9a:   89 ff e8 71 01 0e 00 eb 15 49 8b 87 10 0b 00 00
0x0000000121b78faa:   80 78 0c 00 74 08 4c 89 ff e8 ce 01 0e 00 89 9d
0x0000000121b78fba:   7c fe ff ff 41 83 bf f8 4b 00 00 00 7e 3b 31 db 

Register to memory mapping:

RAX=0x0000000000000000 is an unknown value
RBX=0x0000000000000000 is an unknown value
RCX=0x0000000000000000 is an unknown value
RDX=0x0000000000000000 is an unknown value
RSP=0x000000011c00b1f0 is pointing into the stack for thread: 0x00007ff1e4181800
RBP=0x000000011c00b380 is pointing into the stack for thread: 0x00007ff1e4181800
RSI=0x0000000000000000 is an unknown value
RDI=0x000000011c00b320 is pointing into the stack for thread: 0x00007ff1e4181800
R8 =0x0000000000000000 is an unknown value
R9 =0x0000000000000000 is an unknown value
R10=0x0000000000000004 is an unknown value
R11=0x00007ff1e1500000 is an unknown value
R12=0x00007ff1e15ce1e0 is an unknown value
R13=0x0000000000000000 is an unknown value
R14=0x00007ff1e15ce1e0 is an unknown value
R15=0x00007ff1e41ee200 is an unknown value


Stack: [0x000000011bf0d000,0x000000011c00d000],  sp=0x000000011c00b1f0,  free space=1016k
Native frames: (J=compiled Java code, j=interpreted, Vv=VM code, C=native code)
C  [libtesseract.dylib+0x12faa]  _ZN9tesseract9Tesseract15recog_all_wordsEP8PAGE_RESP10ETEXT_DESCPK4TBOXPKci+0xb0
C  [libtesseract.dylib+0x448e]  _ZN9tesseract11TessBaseAPI9RecognizeEP10ETEXT_DESC+0x314
C  [libtesseract.dylib+0x3061]  _ZN9tesseract11TessBaseAPI11GetUTF8TextEv+0x33
C  [jna1885577006320324246.tmp+0xe134]  ffi_call_unix64+0x4c
C  0x000000011c00be48

Java frames: (J=compiled Java code, j=interpreted, Vv=VM code)
j  com.sun.jna.Native.invokePointer(JI[Ljava/lang/Object;)J+0
j  com.sun.jna.Function.invokePointer(I[Ljava/lang/Object;)Lcom/sun/jna/Pointer;+6
j  com.sun.jna.Function.invoke([Ljava/lang/Object;Ljava/lang/Class;Z)Ljava/lang/Object;+414
j  com.sun.jna.Function.invoke(Ljava/lang/reflect/Method;[Ljava/lang/Class;Ljava/lang/Class;[Ljava/lang/Object;Ljava/util/Map;)Ljava/lang/Object;+249
j  com.sun.jna.Library$Handler.invoke(Ljava/lang/Object;Ljava/lang/reflect/Method;[Ljava/lang/Object;)Ljava/lang/Object;+348
j  com.sun.proxy.$Proxy9.TessBaseAPIGetUTF8Text(Lnet/sourceforge/tess4j/ITessAPI$TessBaseAPI;)Lcom/sun/jna/Pointer;+16
j  net.sourceforge.tess4j.Tesseract.getOCRText(Ljava/lang/String;I)Ljava/lang/String;+62
j  net.sourceforge.tess4j.Tesseract.doOCR(Ljava/util/List;Ljava/lang/String;Ljava/awt/Rectangle;)Ljava/lang/String;+69
j  net.sourceforge.tess4j.Tesseract.doOCR(Ljava/util/List;Ljava/awt/Rectangle;)Ljava/lang/String;+4
j  net.sourceforge.tess4j.Tesseract.doOCR(Ljava/awt/image/BufferedImage;Ljava/awt/Rectangle;)Ljava/lang/String;+6
j  net.sourceforge.tess4j.Tesseract.doOCR(Ljava/awt/image/BufferedImage;)Ljava/lang/String;+3
j  com.jeremydyer.processors.tesseract.TesseractOCR$1.process(Ljava/io/InputStream;Ljava/io/OutputStream;)V+69
j  org.apache.nifi.util.MockProcessSession.write(Lorg/apache/nifi/flowfile/FlowFile;Lorg/apache/nifi/processor/io/StreamCallback;)Lorg/apache/nifi/util/MockFlowFile;+72
j  org.apache.nifi.util.MockProcessSession.write(Lorg/apache/nifi/flowfile/FlowFile;Lorg/apache/nifi/processor/io/StreamCallback;)Lorg/apache/nifi/flowfile/FlowFile;+3
j  com.jeremydyer.processors.tesseract.TesseractOCR.onTrigger(Lorg/apache/nifi/processor/ProcessContext;Lorg/apache/nifi/processor/ProcessSession;)V+25
j  org.apache.nifi.processor.AbstractProcessor.onTrigger(Lorg/apache/nifi/processor/ProcessContext;Lorg/apache/nifi/processor/ProcessSessionFactory;)V+10
j  org.apache.nifi.util.StandardProcessorTestRunner$RunProcessor.call()Ljava/lang/Throwable;+32
j  org.apache.nifi.util.StandardProcessorTestRunner$RunProcessor.call()Ljava/lang/Object;+1
j  java.util.concurrent.FutureTask.run()V+42
j  java.util.concurrent.ThreadPoolExecutor.runWorker(Ljava/util/concurrent/ThreadPoolExecutor$Worker;)V+95
j  java.util.concurrent.ThreadPoolExecutor$Worker.run()V+5
j  java.lang.Thread.run()V+11
v  ~StubRoutines::call_stub

---------------  P R O C E S S  ---------------

Java Threads: ( => current thread )
  0x00007ff1e2220000 JavaThread "Java2D Disposer" daemon [_thread_blocked, id=59911, stack(0x00000001214bf000,0x00000001215bf000)]
  0x00007ff1e2a78800 JavaThread "AWT-Shutdown" [_thread_blocked, id=31763, stack(0x000000011e1bc000,0x000000011e2bc000)]
  0x00007ff1e2a2c000 JavaThread "AWT-AppKit" daemon [_thread_in_native, id=1299, stack(0x00007fff5c64a000,0x00007fff5ce4a000)]
=>0x00007ff1e4181800 JavaThread "pool-1-thread-1" [_thread_in_native, id=23047, stack(0x000000011bf0d000,0x000000011c00d000)]
  0x00007ff1e1849800 JavaThread "Service Thread" daemon [_thread_blocked, id=20739, stack(0x000000011b970000,0x000000011ba70000)]
  0x00007ff1e284b000 JavaThread "C1 CompilerThread3" daemon [_thread_blocked, id=20227, stack(0x000000011b86d000,0x000000011b96d000)]
  0x00007ff1e1863000 JavaThread "C2 CompilerThread2" daemon [_thread_blocked, id=19715, stack(0x000000011b76a000,0x000000011b86a000)]
  0x00007ff1e1862000 JavaThread "C2 CompilerThread1" daemon [_thread_blocked, id=19203, stack(0x000000011b667000,0x000000011b767000)]
  0x00007ff1e2005800 JavaThread "C2 CompilerThread0" daemon [_thread_blocked, id=18691, stack(0x000000011b564000,0x000000011b664000)]
  0x00007ff1e2004800 JavaThread "Signal Dispatcher" daemon [_thread_blocked, id=14615, stack(0x000000011b461000,0x000000011b561000)]
  0x00007ff1e2002000 JavaThread "Finalizer" daemon [_thread_blocked, id=13571, stack(0x0000000119a4d000,0x0000000119b4d000)]
  0x00007ff1e183a800 JavaThread "Reference Handler" daemon [_thread_blocked, id=13059, stack(0x000000011994a000,0x0000000119a4a000)]
  0x00007ff1e2802800 JavaThread "main" [_thread_blocked, id=4867, stack(0x0000000104f6a000,0x000000010506a000)]

Other Threads:
  0x00007ff1e1838000 VMThread [stack: 0x0000000119847000,0x0000000119947000] [id=12547]
  0x00007ff1e2865000 WatcherThread [stack: 0x000000011ba73000,0x000000011bb73000] [id=21251]

VM state:not at safepoint (normal execution)

VM Mutex/Monitor currently owned by a thread: None

Heap:
 PSYoungGen      total 76288K, used 52578K [0x00000007aab00000, 0x00000007b0000000, 0x00000007c0000000)
  eden space 65536K, 80% used [0x00000007aab00000,0x00000007ade58938,0x00000007aeb00000)
  from space 10752K, 0% used [0x00000007af580000,0x00000007af580000,0x00000007b0000000)
  to   space 10752K, 0% used [0x00000007aeb00000,0x00000007aeb00000,0x00000007af580000)
 ParOldGen       total 175104K, used 0K [0x0000000780000000, 0x000000078ab00000, 0x00000007aab00000)
  object space 175104K, 0% used [0x0000000780000000,0x0000000780000000,0x000000078ab00000)
 Metaspace       used 12545K, capacity 12702K, committed 12928K, reserved 1060864K
  class space    used 1584K, capacity 1655K, committed 1664K, reserved 1048576K

Card table byte_map: [0x000000011442c000,0x000000011462d000] byte_map_base: 0x000000011082c000

Marking Bits: (ParMarkBitMap*) 0x00000001048c27a0
 Begin Bits: [0x0000000114f9b000, 0x0000000115f9b000)
 End Bits:   [0x0000000115f9b000, 0x0000000116f9b000)

Polling page: 0x0000000102f41000

CodeCache: size=245760Kb used=3638Kb max_used=3638Kb free=242121Kb
 bounds [0x000000010506c000, 0x00000001053fc000, 0x000000011406c000]
 total_blobs=1312 nmethods=921 adapters=305
 compilation: enabled

Compilation events (10 events):
Event: 2.420 Thread 0x00007ff1e284b000  916       1       java.awt.image.ColorModel::isAlphaPremultiplied (5 bytes)
Event: 2.420 Thread 0x00007ff1e284b000 nmethod 916 0x00000001053f9c10 code [0x00000001053f9d60, 0x00000001053f9e70]
Event: 2.420 Thread 0x00007ff1e284b000  917       1       java.awt.image.ColorModel::getNumComponents (5 bytes)
Event: 2.420 Thread 0x00007ff1e284b000 nmethod 917 0x00000001053f9ed0 code [0x00000001053fa020, 0x00000001053fa130]
Event: 2.420 Thread 0x00007ff1e284b000  915       1       java.awt.image.DataBuffer::getNumBanks (5 bytes)
Event: 2.420 Thread 0x00007ff1e284b000 nmethod 915 0x00000001053fa190 code [0x00000001053fa2e0, 0x00000001053fa3f0]
Event: 2.420 Thread 0x00007ff1e284b000  920       3       java.lang.Math::min (12 bytes)
Event: 2.420 Thread 0x00007ff1e284b000 nmethod 920 0x00000001053fa450 code [0x00000001053fa5c0, 0x00000001053fa750]
Event: 2.420 Thread 0x00007ff1e284b000  921       3       java.io.RandomAccessFile::readFully (45 bytes)
Event: 2.420 Thread 0x00007ff1e284b000 nmethod 921 0x00000001053fa7d0 code [0x00000001053fa960, 0x00000001053fad38]

GC Heap History (0 events):
No events

Deoptimization events (5 events):
Event: 0.201 Thread 0x00007ff1e2802800 Uncommon trap: reason=unstable_if action=reinterpret pc=0x00000001052077a8 method=java.lang.String.indexOf([CII[CIII)I @ 123
Event: 0.201 Thread 0x00007ff1e2802800 Uncommon trap: reason=unstable_if action=reinterpret pc=0x00000001051f0614 method=java.lang.String.indexOf([CII[CIII)I @ 123
Event: 0.224 Thread 0x00007ff1e2802800 Uncommon trap: reason=unstable_if action=reinterpret pc=0x0000000105244440 method=sun.misc.MetaIndex.mayContain(Ljava/lang/String;)Z @ 13
Event: 0.327 Thread 0x00007ff1e2802800 Uncommon trap: reason=unstable_if action=reinterpret pc=0x00000001052bfcac method=sun.misc.MetaIndex.mayContain(Ljava/lang/String;)Z @ 38
Event: 0.340 Thread 0x00007ff1e2802800 Uncommon trap: reason=unstable_if action=reinterpret pc=0x0000000105268f8c method=java.lang.String.indexOf([CII[CIII)I @ 3

Internal exceptions (10 events):
Event: 0.298 Thread 0x00007ff1e2802800 Exception <a 'java/lang/ArrayIndexOutOfBoundsException'> (0x00000007abd43e88) thrown at [/Users/java_re/workspace/8-2-build-macosx-x86_64/jdk8u45/3457/hotspot/src/share/vm/runtime/sharedRuntime.cpp, line 605]
Event: 0.299 Thread 0x00007ff1e2802800 Exception <a 'java/lang/ClassNotFoundException': ch/qos/logback/core/pattern/PatternLayoutEncoderBaseCustomizer> (0x00000007abd5dc38) thrown at [/Users/java_re/workspace/8-2-build-macosx-x86_64/jdk8u45/3457/hotspot/src/share/vm/classfile/systemDictionary.
Event: 0.299 Thread 0x00007ff1e2802800 Exception <a 'java/lang/ArrayIndexOutOfBoundsException'> (0x00000007abd61490) thrown at [/Users/java_re/workspace/8-2-build-macosx-x86_64/jdk8u45/3457/hotspot/src/share/vm/runtime/sharedRuntime.cpp, line 605]
Event: 0.299 Thread 0x00007ff1e2802800 Exception <a 'java/lang/ArrayIndexOutOfBoundsException'> (0x00000007abd641d0) thrown at [/Users/java_re/workspace/8-2-build-macosx-x86_64/jdk8u45/3457/hotspot/src/share/vm/runtime/sharedRuntime.cpp, line 605]
Event: 0.301 Thread 0x00007ff1e2802800 Exception <a 'java/lang/ClassNotFoundException': ch/qos/logback/classic/encoder/PatternLayoutEncoderCustomizer> (0x00000007abd818e8) thrown at [/Users/java_re/workspace/8-2-build-macosx-x86_64/jdk8u45/3457/hotspot/src/share/vm/classfile/systemDictionary.c
Event: 0.301 Thread 0x00007ff1e2802800 Exception <a 'java/lang/ArrayIndexOutOfBoundsException'> (0x00000007abd84ba8) thrown at [/Users/java_re/workspace/8-2-build-macosx-x86_64/jdk8u45/3457/hotspot/src/share/vm/runtime/sharedRuntime.cpp, line 605]
Event: 2.175 Thread 0x00007ff1e4181800 Exception <a 'java/io/FileNotFoundException'> (0x00000007ac40bf88) thrown at [/Users/java_re/workspace/8-2-build-macosx-x86_64/jdk8u45/3457/hotspot/src/share/vm/prims/jni.cpp, line 709]
Event: 2.175 Thread 0x00007ff1e4181800 Exception <a 'java/io/FileNotFoundException'> (0x00000007ac40ca48) thrown at [/Users/java_re/workspace/8-2-build-macosx-x86_64/jdk8u45/3457/hotspot/src/share/vm/prims/jni.cpp, line 709]
Event: 2.226 Thread 0x00007ff1e4181800 Exception <a 'java/lang/NoSuchFieldError': method resolution failed> (0x00000007ac84dfb0) thrown at [/Users/java_re/workspace/8-2-build-macosx-x86_64/jdk8u45/3457/hotspot/src/share/vm/prims/methodHandles.cpp, line 1125]
Event: 2.228 Thread 0x00007ff1e4181800 Exception <a 'java/lang/NoSuchFieldError': method resolution failed> (0x00000007ac85c910) thrown at [/Users/java_re/workspace/8-2-build-macosx-x86_64/jdk8u45/3457/hotspot/src/share/vm/prims/methodHandles.cpp, line 1125]

Events (10 events):
Event: 2.415 loading class java/awt/image/DataBufferUShort
Event: 2.415 loading class java/awt/image/DataBufferUShort done
Event: 2.415 loading class java/awt/image/DataBufferShort
Event: 2.415 loading class java/awt/image/DataBufferShort done
Event: 2.415 loading class java/awt/image/DataBufferInt
Event: 2.415 loading class java/awt/image/DataBufferInt done
Event: 2.424 loading class java/lang/StrictMath
Event: 2.424 loading class java/lang/StrictMath done
Event: 2.424 loading class com/sun/jna/Native$Buffers
Event: 2.424 loading class com/sun/jna/Native$Buffers done


Dynamic libraries:
0x0000000009891000 	/System/Library/Frameworks/Cocoa.framework/Versions/A/Cocoa
0x0000000009891000 	/System/Library/Frameworks/Security.framework/Versions/A/Security
0x0000000009891000 	/System/Library/Frameworks/ApplicationServices.framework/Versions/A/ApplicationServices
0x0000000009891000 	/usr/lib/libz.1.dylib
0x0000000009891000 	/usr/lib/libSystem.B.dylib
0x0000000009891000 	/usr/lib/libobjc.A.dylib
0x0000000009891000 	/System/Library/Frameworks/CoreFoundation.framework/Versions/A/CoreFoundation
0x0000000009891000 	/System/Library/Frameworks/Foundation.framework/Versions/C/Foundation
0x0000000009891000 	/System/Library/Frameworks/AppKit.framework/Versions/C/AppKit
0x0000000009891000 	/System/Library/Frameworks/CoreData.framework/Versions/A/CoreData
0x0000000009891000 	/System/Library/PrivateFrameworks/RemoteViewServices.framework/Versions/A/RemoteViewServices
0x0000000009891000 	/System/Library/PrivateFrameworks/UIFoundation.framework/Versions/A/UIFoundation
0x0000000009891000 	/System/Library/Frameworks/IOSurface.framework/Versions/A/IOSurface
0x0000000009891000 	/System/Library/Frameworks/AudioToolbox.framework/Versions/A/AudioToolbox
0x0000000009891000 	/System/Library/Frameworks/AudioUnit.framework/Versions/A/AudioUnit
0x0000000009891000 	/System/Library/PrivateFrameworks/DataDetectorsCore.framework/Versions/A/DataDetectorsCore
0x0000000009891000 	/System/Library/PrivateFrameworks/DesktopServicesPriv.framework/Versions/A/DesktopServicesPriv
0x0000000009891000 	/System/Library/Frameworks/Carbon.framework/Versions/A/Frameworks/HIToolbox.framework/Versions/A/HIToolbox
0x0000000009891000 	/System/Library/Frameworks/QuartzCore.framework/Versions/A/QuartzCore
0x0000000009891000 	/System/Library/Frameworks/Carbon.framework/Versions/A/Frameworks/SpeechRecognition.framework/Versions/A/SpeechRecognition
0x0000000009891000 	/usr/lib/libauto.dylib
0x0000000009891000 	/usr/lib/libicucore.A.dylib
0x0000000009891000 	/usr/lib/libxml2.2.dylib
0x0000000009891000 	/System/Library/PrivateFrameworks/CoreUI.framework/Versions/A/CoreUI
0x0000000009891000 	/System/Library/Frameworks/CoreAudio.framework/Versions/A/CoreAudio
0x0000000009891000 	/System/Library/Frameworks/DiskArbitration.framework/Versions/A/DiskArbitration
0x0000000009891000 	/usr/lib/liblangid.dylib
0x0000000009891000 	/System/Library/PrivateFrameworks/MultitouchSupport.framework/Versions/A/MultitouchSupport
0x0000000009891000 	/System/Library/Frameworks/IOKit.framework/Versions/A/IOKit
0x0000000009891000 	/usr/lib/libDiagnosticMessagesClient.dylib
0x0000000009891000 	/System/Library/Frameworks/CoreServices.framework/Versions/A/CoreServices
0x0000000009891000 	/System/Library/PrivateFrameworks/PerformanceAnalysis.framework/Versions/A/PerformanceAnalysis
0x0000000009891000 	/System/Library/PrivateFrameworks/GenerationalStorage.framework/Versions/A/GenerationalStorage
0x0000000009891000 	/System/Library/Frameworks/OpenGL.framework/Versions/A/OpenGL
0x0000000009891000 	/System/Library/PrivateFrameworks/Sharing.framework/Versions/A/Sharing
0x0000000009891000 	/System/Library/Frameworks/CoreGraphics.framework/Versions/A/CoreGraphics
0x0000000009891000 	/System/Library/Frameworks/CoreText.framework/Versions/A/CoreText
0x0000000009891000 	/System/Library/Frameworks/ImageIO.framework/Versions/A/ImageIO
0x0000000009891000 	/usr/lib/libextension.dylib
0x0000000009891000 	/System/Library/PrivateFrameworks/Backup.framework/Versions/A/Backup
0x0000000009891000 	/usr/lib/libarchive.2.dylib
0x0000000009891000 	/System/Library/Frameworks/CFNetwork.framework/Versions/A/CFNetwork
0x0000000009891000 	/System/Library/Frameworks/SystemConfiguration.framework/Versions/A/SystemConfiguration
0x0000000009891000 	/usr/lib/libCRFSuite.dylib
0x0000000009891000 	/usr/lib/libc++.1.dylib
0x0000000009891000 	/usr/lib/libc++abi.dylib
0x0000000009891000 	/usr/lib/system/libcache.dylib
0x0000000009891000 	/usr/lib/system/libcommonCrypto.dylib
0x0000000009891000 	/usr/lib/system/libcompiler_rt.dylib
0x0000000009891000 	/usr/lib/system/libcopyfile.dylib
0x0000000009891000 	/usr/lib/system/libcorecrypto.dylib
0x0000000009891000 	/usr/lib/system/libdispatch.dylib
0x0000000009891000 	/usr/lib/system/libdyld.dylib
0x0000000009891000 	/usr/lib/system/libkeymgr.dylib
0x0000000009891000 	/usr/lib/system/liblaunch.dylib
0x0000000009891000 	/usr/lib/system/libmacho.dylib
0x0000000009891000 	/usr/lib/system/libquarantine.dylib
0x0000000009891000 	/usr/lib/system/libremovefile.dylib
0x0000000009891000 	/usr/lib/system/libsystem_asl.dylib
0x0000000009891000 	/usr/lib/system/libsystem_blocks.dylib
0x0000000009891000 	/usr/lib/system/libsystem_c.dylib
0x0000000009891000 	/usr/lib/system/libsystem_configuration.dylib
0x0000000009891000 	/usr/lib/system/libsystem_coreservices.dylib
0x0000000009891000 	/usr/lib/system/libsystem_coretls.dylib
0x0000000009891000 	/usr/lib/system/libsystem_dnssd.dylib
0x0000000009891000 	/usr/lib/system/libsystem_info.dylib
0x0000000009891000 	/usr/lib/system/libsystem_kernel.dylib
0x0000000009891000 	/usr/lib/system/libsystem_m.dylib
0x0000000009891000 	/usr/lib/system/libsystem_malloc.dylib
0x0000000009891000 	/usr/lib/system/libsystem_network.dylib
0x0000000009891000 	/usr/lib/system/libsystem_networkextension.dylib
0x0000000009891000 	/usr/lib/system/libsystem_notify.dylib
0x0000000009891000 	/usr/lib/system/libsystem_platform.dylib
0x0000000009891000 	/usr/lib/system/libsystem_pthread.dylib
0x0000000009891000 	/usr/lib/system/libsystem_sandbox.dylib
0x0000000009891000 	/usr/lib/system/libsystem_secinit.dylib
0x0000000009891000 	/usr/lib/system/libsystem_stats.dylib
0x0000000009891000 	/usr/lib/system/libsystem_trace.dylib
0x0000000009891000 	/usr/lib/system/libunc.dylib
0x0000000009891000 	/usr/lib/system/libunwind.dylib
0x0000000009891000 	/usr/lib/system/libxpc.dylib
0x0000000009891000 	/usr/lib/libbz2.1.0.dylib
0x0000000009891000 	/usr/lib/liblzma.5.dylib
0x0000000009891000 	/usr/lib/libbsm.0.dylib
0x0000000009891000 	/usr/lib/libsqlite3.dylib
0x0000000009891000 	/usr/lib/system/libkxld.dylib
0x0000000009891000 	/usr/lib/libxar.1.dylib
0x0000000009891000 	/usr/lib/libpam.2.dylib
0x0000000009891000 	/usr/lib/libOpenScriptingUtil.dylib
0x0000000009891000 	/System/Library/Frameworks/CoreServices.framework/Versions/A/Frameworks/FSEvents.framework/Versions/A/FSEvents
0x0000000009891000 	/System/Library/Frameworks/CoreServices.framework/Versions/A/Frameworks/CarbonCore.framework/Versions/A/CarbonCore
0x0000000009891000 	/System/Library/Frameworks/CoreServices.framework/Versions/A/Frameworks/Metadata.framework/Versions/A/Metadata
0x0000000009891000 	/System/Library/Frameworks/CoreServices.framework/Versions/A/Frameworks/OSServices.framework/Versions/A/OSServices
0x0000000009891000 	/System/Library/Frameworks/CoreServices.framework/Versions/A/Frameworks/SearchKit.framework/Versions/A/SearchKit
0x0000000009891000 	/System/Library/Frameworks/CoreServices.framework/Versions/A/Frameworks/AE.framework/Versions/A/AE
0x0000000009891000 	/System/Library/Frameworks/CoreServices.framework/Versions/A/Frameworks/LaunchServices.framework/Versions/A/LaunchServices
0x0000000009891000 	/System/Library/Frameworks/CoreServices.framework/Versions/A/Frameworks/DictionaryServices.framework/Versions/A/DictionaryServices
0x0000000009891000 	/System/Library/Frameworks/NetFS.framework/Versions/A/NetFS
0x0000000009891000 	/System/Library/PrivateFrameworks/NetAuth.framework/Versions/A/NetAuth
0x0000000009891000 	/System/Library/PrivateFrameworks/login.framework/Versions/A/Frameworks/loginsupport.framework/Versions/A/loginsupport
0x0000000009891000 	/System/Library/PrivateFrameworks/TCC.framework/Versions/A/TCC
0x0000000009891000 	/usr/lib/libmecabra.dylib
0x0000000009891000 	/System/Library/Frameworks/ApplicationServices.framework/Versions/A/Frameworks/ATS.framework/Versions/A/ATS
0x0000000009891000 	/System/Library/Frameworks/ApplicationServices.framework/Versions/A/Frameworks/ColorSync.framework/Versions/A/ColorSync
0x0000000009891000 	/System/Library/Frameworks/ApplicationServices.framework/Versions/A/Frameworks/HIServices.framework/Versions/A/HIServices
0x0000000009891000 	/System/Library/Frameworks/ApplicationServices.framework/Versions/A/Frameworks/LangAnalysis.framework/Versions/A/LangAnalysis
0x0000000009891000 	/System/Library/Frameworks/ApplicationServices.framework/Versions/A/Frameworks/PrintCore.framework/Versions/A/PrintCore
0x0000000009891000 	/System/Library/Frameworks/ApplicationServices.framework/Versions/A/Frameworks/QD.framework/Versions/A/QD
0x0000000009891000 	/System/Library/Frameworks/ApplicationServices.framework/Versions/A/Frameworks/SpeechSynthesis.framework/Versions/A/SpeechSynthesis
0x0000000009891000 	/System/Library/Frameworks/Accelerate.framework/Versions/A/Accelerate
0x0000000009891000 	/System/Library/Frameworks/Accelerate.framework/Versions/A/Frameworks/vImage.framework/Versions/A/vImage
0x0000000009891000 	/System/Library/Frameworks/Accelerate.framework/Versions/A/Frameworks/vecLib.framework/Versions/A/vecLib
0x0000000009891000 	/System/Library/Frameworks/Accelerate.framework/Versions/A/Frameworks/vecLib.framework/Versions/A/libvDSP.dylib
0x0000000009891000 	/System/Library/Frameworks/Accelerate.framework/Versions/A/Frameworks/vecLib.framework/Versions/A/libvMisc.dylib
0x0000000009891000 	/System/Library/Frameworks/Accelerate.framework/Versions/A/Frameworks/vecLib.framework/Versions/A/libLAPACK.dylib
0x0000000009891000 	/System/Library/Frameworks/Accelerate.framework/Versions/A/Frameworks/vecLib.framework/Versions/A/libBLAS.dylib
0x0000000009891000 	/System/Library/Frameworks/Accelerate.framework/Versions/A/Frameworks/vecLib.framework/Versions/A/libLinearAlgebra.dylib
0x0000000009891000 	/System/Library/Frameworks/ApplicationServices.framework/Versions/A/Frameworks/ATS.framework/Versions/A/Resources/libFontParser.dylib
0x0000000009891000 	/System/Library/Frameworks/ApplicationServices.framework/Versions/A/Frameworks/ATS.framework/Versions/A/Resources/libFontRegistry.dylib
0x0000000009891000 	/System/Library/PrivateFrameworks/AppleVPA.framework/Versions/A/AppleVPA
0x0000000009891000 	/System/Library/PrivateFrameworks/AppleJPEG.framework/Versions/A/AppleJPEG
0x0000000009891000 	/System/Library/Frameworks/ImageIO.framework/Versions/A/Resources/libJPEG.dylib
0x0000000009891000 	/System/Library/Frameworks/ImageIO.framework/Versions/A/Resources/libTIFF.dylib
0x0000000009891000 	/System/Library/Frameworks/ImageIO.framework/Versions/A/Resources/libPng.dylib
0x0000000009891000 	/System/Library/Frameworks/ImageIO.framework/Versions/A/Resources/libGIF.dylib
0x0000000009891000 	/System/Library/Frameworks/ImageIO.framework/Versions/A/Resources/libJP2.dylib
0x0000000009891000 	/System/Library/Frameworks/ImageIO.framework/Versions/A/Resources/libRadiance.dylib
0x0000000009891000 	/System/Library/Frameworks/CoreVideo.framework/Versions/A/CoreVideo
0x0000000009891000 	/System/Library/Frameworks/OpenGL.framework/Versions/A/Libraries/libGLU.dylib
0x0000000009891000 	/System/Library/Frameworks/OpenGL.framework/Versions/A/Libraries/libGFXShared.dylib
0x0000000009891000 	/System/Library/Frameworks/OpenGL.framework/Versions/A/Libraries/libGL.dylib
0x0000000009891000 	/System/Library/Frameworks/OpenGL.framework/Versions/A/Libraries/libGLImage.dylib
0x0000000009891000 	/System/Library/Frameworks/OpenGL.framework/Versions/A/Libraries/libCVMSPluginSupport.dylib
0x0000000009891000 	/System/Library/Frameworks/OpenGL.framework/Versions/A/Libraries/libCoreVMClient.dylib
0x0000000009891000 	/usr/lib/libcups.2.dylib
0x0000000009891000 	/System/Library/Frameworks/Kerberos.framework/Versions/A/Kerberos
0x0000000009891000 	/System/Library/Frameworks/GSS.framework/Versions/A/GSS
0x0000000009891000 	/usr/lib/libresolv.9.dylib
0x0000000009891000 	/usr/lib/libiconv.2.dylib
0x0000000009891000 	/System/Library/PrivateFrameworks/Heimdal.framework/Versions/A/Heimdal
0x0000000009891000 	/usr/lib/libheimdal-asn1.dylib
0x0000000009891000 	/System/Library/Frameworks/OpenDirectory.framework/Versions/A/OpenDirectory
0x0000000009891000 	/System/Library/PrivateFrameworks/CommonAuth.framework/Versions/A/CommonAuth
0x0000000009891000 	/System/Library/Frameworks/OpenDirectory.framework/Versions/A/Frameworks/CFOpenDirectory.framework/Versions/A/CFOpenDirectory
0x0000000009891000 	/System/Library/Frameworks/SecurityFoundation.framework/Versions/A/SecurityFoundation
0x0000000009891000 	/System/Library/PrivateFrameworks/LanguageModeling.framework/Versions/A/LanguageModeling
0x0000000009891000 	/usr/lib/libcmph.dylib
0x0000000009891000 	/System/Library/Frameworks/ServiceManagement.framework/Versions/A/ServiceManagement
0x0000000009891000 	/usr/lib/libxslt.1.dylib
0x0000000009891000 	/System/Library/Frameworks/Carbon.framework/Versions/A/Frameworks/Ink.framework/Versions/A/Ink
0x0000000009891000 	/System/Library/Frameworks/QuartzCore.framework/Versions/A/Frameworks/CoreImage.framework/Versions/A/CoreImage
0x0000000009891000 	/System/Library/PrivateFrameworks/CrashReporterSupport.framework/Versions/A/CrashReporterSupport
0x0000000009891000 	/System/Library/Frameworks/OpenCL.framework/Versions/A/OpenCL
0x0000000009891000 	/System/Library/PrivateFrameworks/FaceCore.framework/Versions/A/FaceCore
0x0000000009891000 	/System/Library/PrivateFrameworks/Ubiquity.framework/Versions/A/Ubiquity
0x0000000009891000 	/System/Library/PrivateFrameworks/IconServices.framework/Versions/A/IconServices
0x0000000009891000 	/System/Library/PrivateFrameworks/ChunkingLibrary.framework/Versions/A/ChunkingLibrary
0x0000000009891000 	/System/Library/PrivateFrameworks/Apple80211.framework/Versions/A/Apple80211
0x0000000009891000 	/System/Library/Frameworks/CoreWLAN.framework/Versions/A/CoreWLAN
0x0000000009891000 	/System/Library/Frameworks/IOBluetooth.framework/Versions/A/IOBluetooth
0x0000000009891000 	/System/Library/PrivateFrameworks/CoreWiFi.framework/Versions/A/CoreWiFi
0x0000000009891000 	/System/Library/Frameworks/CoreBluetooth.framework/Versions/A/CoreBluetooth
0x0000000009891000 	/System/Library/PrivateFrameworks/DebugSymbols.framework/Versions/A/DebugSymbols
0x0000000009891000 	/System/Library/PrivateFrameworks/CoreSymbolication.framework/Versions/A/CoreSymbolication
0x0000000009891000 	/System/Library/PrivateFrameworks/Symbolication.framework/Versions/A/Symbolication
0x0000000009891000 	/System/Library/PrivateFrameworks/SpeechRecognitionCore.framework/Versions/A/SpeechRecognitionCore
0x0000000104000000 	/Library/Java/JavaVirtualMachines/jdk1.8.0_45.jdk/Contents/Home/jre/lib/server/libjvm.dylib
0x0000000009891000 	/usr/lib/libstdc++.6.dylib
0x0000000102efe000 	/Library/Java/JavaVirtualMachines/jdk1.8.0_45.jdk/Contents/Home/jre/lib/libverify.dylib
0x0000000102f0c000 	/Library/Java/JavaVirtualMachines/jdk1.8.0_45.jdk/Contents/Home/jre/lib/libjava.dylib
0x0000000102f4b000 	/Library/Java/JavaVirtualMachines/jdk1.8.0_45.jdk/Contents/Home/jre/lib/libzip.dylib
0x0000000102fe3000 	/System/Library/Frameworks/JavaVM.framework/Frameworks/JavaRuntimeSupport.framework/JavaRuntimeSupport
0x0000000119b4f000 	/System/Library/Frameworks/JavaVM.framework/Versions/A/Frameworks/JavaNativeFoundation.framework/Versions/A/JavaNativeFoundation
0x0000000119b63000 	/System/Library/Frameworks/JavaVM.framework/Versions/A/JavaVM
0x0000000009891000 	/System/Library/Frameworks/Carbon.framework/Versions/A/Carbon
0x0000000119b6f000 	/System/Library/PrivateFrameworks/JavaLaunching.framework/Versions/A/JavaLaunching
0x0000000009891000 	/System/Library/Frameworks/Carbon.framework/Versions/A/Frameworks/CommonPanels.framework/Versions/A/CommonPanels
0x0000000009891000 	/System/Library/Frameworks/Carbon.framework/Versions/A/Frameworks/Help.framework/Versions/A/Help
0x0000000009891000 	/System/Library/Frameworks/Carbon.framework/Versions/A/Frameworks/ImageCapture.framework/Versions/A/ImageCapture
0x0000000009891000 	/System/Library/Frameworks/Carbon.framework/Versions/A/Frameworks/OpenScripting.framework/Versions/A/OpenScripting
0x0000000009891000 	/System/Library/Frameworks/Carbon.framework/Versions/A/Frameworks/Print.framework/Versions/A/Print
0x0000000009891000 	/System/Library/Frameworks/Carbon.framework/Versions/A/Frameworks/SecurityHI.framework/Versions/A/SecurityHI
0x000000011be71000 	/Library/Java/JavaVirtualMachines/jdk1.8.0_45.jdk/Contents/Home/jre/lib/libnet.dylib
0x000000011befc000 	/Library/Java/JavaVirtualMachines/jdk1.8.0_45.jdk/Contents/Home/jre/lib/libnio.dylib
0x000000011c50a000 	/Library/Java/JavaVirtualMachines/jdk1.8.0_45.jdk/Contents/Home/jre/lib/libawt.dylib
0x000000011c5b2000 	/Library/Java/JavaVirtualMachines/jdk1.8.0_45.jdk/Contents/Home/jre/lib/./libmlib_image.dylib
0x000000011c67e000 	/Library/Java/JavaVirtualMachines/jdk1.8.0_45.jdk/Contents/Home/jre/lib/libawt_lwawt.dylib
0x000000011bc77000 	/Library/Java/JavaVirtualMachines/jdk1.8.0_45.jdk/Contents/Home/jre/lib/./libosxapp.dylib
0x0000000009891000 	/System/Library/Frameworks/ExceptionHandling.framework/Versions/A/ExceptionHandling
0x0000000009891000 	/System/Library/PrivateFrameworks/CoreServicesInternal.framework/Versions/A/CoreServicesInternal
0x0000000009891000 	/System/Library/PrivateFrameworks/CloudDocs.framework/Versions/A/CloudDocs
0x0000000009891000 	/System/Library/PrivateFrameworks/CoreDuet.framework/Versions/A/CoreDuet
0x0000000009891000 	/System/Library/Frameworks/CloudKit.framework/Versions/A/CloudKit
0x0000000009891000 	/System/Library/PrivateFrameworks/ProtocolBuffer.framework/Versions/A/ProtocolBuffer
0x0000000009891000 	/System/Library/PrivateFrameworks/CoreDuetDaemonProtocol.framework/Versions/A/CoreDuetDaemonProtocol
0x0000000009891000 	/System/Library/PrivateFrameworks/CoreDuetDebugLogging.framework/Versions/A/CoreDuetDebugLogging
0x0000000009891000 	/System/Library/PrivateFrameworks/MMCS.framework/Versions/A/MMCS
0x0000000009891000 	/System/Library/Frameworks/CoreLocation.framework/Versions/A/CoreLocation
0x0000000009891000 	/System/Library/PrivateFrameworks/ProtectedCloudStorage.framework/Versions/A/ProtectedCloudStorage
0x0000000009891000 	/System/Library/PrivateFrameworks/GeoServices.framework/Versions/A/GeoServices
0x0000000009891000 	/System/Library/Frameworks/CoreGraphics.framework/Versions/A/Resources/libCGCMS.A.dylib
0x0000000009891000 	/System/Library/Frameworks/CoreGraphics.framework/Versions/A/Resources/libRIP.A.dylib
0x0000000009891000 	/System/Library/Frameworks/CoreGraphics.framework/Versions/A/Resources/libCGXType.A.dylib
0x0000000009891000 	/System/Library/Frameworks/OpenCL.framework/Versions/A/Libraries/libcldcpuengine.dylib
0x0000000009891000 	/System/Library/PrivateFrameworks/DiskImages.framework/Versions/A/DiskImages
0x0000000009891000 	/System/Library/Frameworks/DiscRecording.framework/Versions/A/DiscRecording
0x0000000009891000 	/usr/lib/libcsfde.dylib
0x0000000009891000 	/usr/lib/libcurl.4.dylib
0x0000000009891000 	/System/Library/PrivateFrameworks/MediaKit.framework/Versions/A/MediaKit
0x0000000009891000 	/usr/lib/libCoreStorage.dylib
0x0000000009891000 	/System/Library/PrivateFrameworks/EFILogin.framework/Versions/A/EFILogin
0x0000000009891000 	/usr/lib/libutil.dylib
0x0000000009891000 	/System/Library/PrivateFrameworks/FindMyDevice.framework/Versions/A/FindMyDevice
0x0000000009891000 	/System/Library/Frameworks/LDAP.framework/Versions/A/LDAP
0x0000000009891000 	/usr/lib/libsasl2.2.dylib
0x0000000009891000 	/System/Library/PrivateFrameworks/CoreDaemon.framework/Versions/B/CoreDaemon
0x0000000009891000 	/usr/lib/libcrypto.0.9.8.dylib
0x0000000009891000 	/System/Library/PrivateFrameworks/AppleSRP.framework/Versions/A/AppleSRP
0x0000000009891000 	/System/Library/PrivateFrameworks/TrustEvaluationAgent.framework/Versions/A/TrustEvaluationAgent
0x000000011bc4c000 	cl_kernels
0x000000011fca0000 	/System/Library/Frameworks/OpenCL.framework/Versions/A/Libraries/ImageFormats/unorm8_bgra.dylib
0x000000011bc52000 	cl_kernels
0x0000000009891000 	/System/Library/PrivateFrameworks/FamilyControls.framework/Versions/A/FamilyControls
0x0000000009891000 	/System/Library/PrivateFrameworks/CommerceKit.framework/Versions/A/Frameworks/CommerceCore.framework/Versions/A/CommerceCore
0x0000000009891000 	/System/Library/PrivateFrameworks/SystemAdministration.framework/Versions/A/SystemAdministration
0x0000000009891000 	/System/Library/PrivateFrameworks/AppContainer.framework/Versions/A/AppContainer
0x0000000009891000 	/System/Library/PrivateFrameworks/SecCodeWrapper.framework/Versions/A/SecCodeWrapper
0x0000000009891000 	/System/Library/Frameworks/DirectoryService.framework/Versions/A/DirectoryService
0x0000000009891000 	/System/Library/PrivateFrameworks/LoginUIKit.framework/Versions/A/Frameworks/LoginUICore.framework/Versions/A/LoginUICore
0x0000000009891000 	/usr/lib/libodfde.dylib
0x00000001215c1000 	/Library/Java/JavaVirtualMachines/jdk1.8.0_45.jdk/Contents/Home/jre/lib/libjpeg.dylib
0x000000011bd59000 	/private/var/folders/p3/psr5lt5j4d7bs48h81r7km9h0000gn/T/jna-100991852/jna1885577006320324246.tmp
0x0000000121b66000 	/usr/local/lib/libtesseract.dylib
0x0000000122084000 	/usr/local/lib/liblept.4.dylib
0x0000000122258000 	/usr/local/lib/libpng16.16.dylib
0x0000000122284000 	/usr/local/lib/libjpeg.8.dylib
0x00000001222b7000 	/usr/local/lib/libtiff.5.dylib

VM Arguments:
jvm_args: -Xmx1G -Djava.net.preferIPv4Stack=true 
java_command: /Users/jdyer/Development/github/nifi-addons/nifi-tesseract/nifi-tesseract-processors/target/surefire/surefirebooter5235780500344025342.jar /Users/jdyer/Development/github/nifi-addons/nifi-tesseract/nifi-tesseract-processors/target/surefire/surefire1073517334284987395tmp /Users/jdyer/Development/github/nifi-addons/nifi-tesseract/nifi-tesseract-processors/target/surefire/surefire_23628988776648628331tmp
java_class_path (initial): /Users/jdyer/Development/github/nifi-addons/nifi-tesseract/nifi-tesseract-processors/target/surefire/surefirebooter5235780500344025342.jar
Launcher Type: SUN_STANDARD

Environment Variables:
JAVA_HOME=/Library/Java/JavaVirtualMachines/jdk1.8.0_45.jdk/Contents/Home
PATH=/usr/local/bin:/usr/bin:/bin:/usr/sbin:/sbin:/usr/local/go/bin:/Users/jdyer/Development/go/bin
SHELL=/bin/bash

Signal Handlers:
SIGSEGV: [libjvm.dylib+0x58ef95], sa_mask[0]=11111111011111110111111111111111, sa_flags=SA_ONSTACK|SA_RESTART|SA_SIGINFO
SIGBUS: [libjvm.dylib+0x58ef95], sa_mask[0]=11111111011111110111111111111111, sa_flags=SA_RESTART|SA_SIGINFO
SIGFPE: [libjvm.dylib+0x46c108], sa_mask[0]=11111111011111110111111111111111, sa_flags=SA_RESTART|SA_SIGINFO
SIGPIPE: [libjvm.dylib+0x46c108], sa_mask[0]=11111111011111110111111111111111, sa_flags=SA_RESTART|SA_SIGINFO
SIGXFSZ: [libjvm.dylib+0x46c108], sa_mask[0]=11111111011111110111111111111111, sa_flags=SA_RESTART|SA_SIGINFO
SIGILL: [libjvm.dylib+0x46c108], sa_mask[0]=11111111011111110111111111111111, sa_flags=SA_RESTART|SA_SIGINFO
SIGUSR1: SIG_DFL, sa_mask[0]=11011111011111100000000111000110, sa_flags=none
SIGUSR2: [libjvm.dylib+0x46bc26], sa_mask[0]=00100000000000000000000000000000, sa_flags=SA_RESTART|SA_SIGINFO
SIGHUP: [libjvm.dylib+0x46a1f9], sa_mask[0]=11111111011111110111111111111111, sa_flags=SA_RESTART|SA_SIGINFO
SIGINT: [libjvm.dylib+0x46a1f9], sa_mask[0]=11111111011111110111111111111111, sa_flags=SA_RESTART|SA_SIGINFO
SIGTERM: [libjvm.dylib+0x46a1f9], sa_mask[0]=11111111011111110111111111111111, sa_flags=SA_RESTART|SA_SIGINFO
SIGQUIT: [libjvm.dylib+0x46a1f9], sa_mask[0]=11111111011111110111111111111111, sa_flags=SA_RESTART|SA_SIGINFO


---------------  S Y S T E M  ---------------

OS:Bsduname:Darwin 14.5.0 Darwin Kernel Version 14.5.0: Mon Jan 11 18:48:35 PST 2016; root:xnu-2782.50.2~1/RELEASE_X86_64 x86_64
rlimit: STACK 8192k, CORE 0k, NPROC 709, NOFILE 10240, AS infinity
load average:2.99 2.67 2.64

CPU:total 8 (4 cores per cpu, 2 threads per core) family 6 model 70 stepping 1, cmov, cx8, fxsr, mmx, sse, sse2, sse3, ssse3, sse4.1, sse4.2, popcnt, avx, avx2, aes, clmul, erms, rtm, lzcnt, ht, tsc, tscinvbit, bmi1, bmi2

Memory: 4k page, physical 16777216k(718872k free)

/proc/meminfo:


vm_info: Java HotSpot(TM) 64-Bit Server VM (25.45-b02) for bsd-amd64 JRE (1.8.0_45-b14), built on Apr 10 2015 10:46:38 by "java_re" with gcc 4.2.1 (Based on Apple Inc. build 5658) (LLVM build 2336.11.00)

time: Wed Apr 27 21:44:56 2016
elapsed time: 2 seconds (0d 0h 0m 2s)

