#
# A fatal error has been detected by the Java Runtime Environment:
#
#  SIGSEGV (0xb) at pc=0x000000011ec11faa, pid=2946, tid=23047
#
# JRE version: Java(TM) SE Runtime Environment (8.0_45-b14) (build 1.8.0_45-b14)
# Java VM: Java HotSpot(TM) 64-Bit Server VM (25.45-b02 mixed mode bsd-amd64 compressed oops)
# Problematic frame:
# C  [libtesseract.dylib+0x12faa]  _ZN9tesseract9Tesseract15recog_all_wordsEP8PAGE_RESP10ETEXT_DESCPK4TBOXPKci+0xb0
#
# Failed to write core dump. Core dumps have been disabled. To enable core dumping, try "ulimit -c unlimited" before starting Java again
#
# If you would like to submit a bug report, please visit:
#   http://bugreport.java.com/bugreport/crash.jsp
# The crash happened outside the Java Virtual Machine in native code.
# See problematic frame for where to report the bug.
#

---------------  T H R E A D  ---------------

Current thread (0x00007fe35b9e6800):  JavaThread "pool-1-thread-1" [_thread_in_native, id=23047, stack(0x0000000119727000,0x0000000119827000)]

siginfo: si_signo: 11 (SIGSEGV), si_code: 1 (SEGV_MAPERR), si_addr: 0x000000000000000c

Registers:
RAX=0x0000000000000000, RBX=0x0000000000000000, RCX=0x0000000000000000, RDX=0x0000000000000000
RSP=0x00000001198251f0, RBP=0x0000000119825380, RSI=0x0000000000000000, RDI=0x0000000119825320
R8 =0x0000000000000000, R9 =0x0000000000000000, R10=0x00007fe35b600000, R11=0x0000000000801ddf
R12=0x00007fe35b694280, R13=0x0000000000000000, R14=0x00007fe35b694280, R15=0x00007fe35dac0400
RIP=0x000000011ec11faa, EFLAGS=0x0000000000010246, ERR=0x0000000000000004
  TRAPNO=0x000000000000000e

Top of Stack: (sp=0x00000001198251f0)
0x00000001198251f0:   00007fe35b694228 00007fe35b6941b0
0x0000000119825200:   0000000000000000 0000000000000000
0x0000000119825210:   0000000119820000 00007fe35b6941b0
0x0000000119825220:   00007fe35d4f0b01 00007fe35b6946d0
0x0000000119825230:   00007fe35b6946c8 00007fe35b694200
0x0000000119825240:   0000000000000000 0000000000000000
0x0000000119825250:   00000001198252d0 000000011ed3a7c8
0x0000000119825260:   00007fe35b694280 0000000000000000
0x0000000119825270:   0000000000000000 0000000000000000
0x0000000119825280:   00007fe35b694400 00007fe35b6943d0
0x0000000119825290:   00007fe35b6943a0 00007fe35b694700
0x00000001198252a0:   00007fe35b6946d0 00007fe35b6946a0
0x00000001198252b0:   00007fe35b694288 00007fe35b6943a0
0x00000001198252c0:   00007fe35b6946a0 00007fe35b6943a0
0x00000001198252d0:   0000000119820000 00007fe35b6943a0
0x00000001198252e0:   0000000000000001 00007fe35b6946c8
0x00000001198252f0:   00007fe35b6946d0 00007fe35b6946d0
0x0000000119825300:   00007fe35b6946d0 0000000000000000
0x0000000119825310:   00007fe35b6946d0 000000011ec3f500
0x0000000119825320:   00007fe35b6946f0 00007fe35b694700
0x0000000119825330:   00007fe35b694700 00007fe35b694700
0x0000000119825340:   0000000119820000 00007fe35b694700
0x0000000119825350:   0000000119825301 0000000000000001
0x0000000119825360:   00007fe35b694280 00007fe35dac0400
0x0000000119825370:   00000000ffffffff 00007fe35d4c4040
0x0000000119825380:   00000001198253f0 000000011ec0348e
0x0000000119825390:   00007fe35d4c4040 0000000114ad8748
0x00000001198253a0:   0000000000000000 0000000114ad8458
0x00000001198253b0:   0000000000000000 01000001198253e0
0x00000001198253c0:   0000000119825438 00007fe35d4c4040
0x00000001198253d0:   0000000000000001 0000000000000001
0x00000001198253e0:   0000000000000000 af0040b0e7965b62 

Instructions: (pc=0x000000011ec11faa)
0x000000011ec11f8a:   e8 33 e1 12 00 41 83 bf c0 16 00 00 00 7e 0a 4c
0x000000011ec11f9a:   89 ff e8 71 01 0e 00 eb 15 49 8b 87 10 0b 00 00
0x000000011ec11faa:   80 78 0c 00 74 08 4c 89 ff e8 ce 01 0e 00 89 9d
0x000000011ec11fba:   7c fe ff ff 41 83 bf f8 4b 00 00 00 7e 3b 31 db 

Register to memory mapping:

RAX=0x0000000000000000 is an unknown value
RBX=0x0000000000000000 is an unknown value
RCX=0x0000000000000000 is an unknown value
RDX=0x0000000000000000 is an unknown value
RSP=0x00000001198251f0 is pointing into the stack for thread: 0x00007fe35b9e6800
RBP=0x0000000119825380 is pointing into the stack for thread: 0x00007fe35b9e6800
RSI=0x0000000000000000 is an unknown value
RDI=0x0000000119825320 is pointing into the stack for thread: 0x00007fe35b9e6800
R8 =0x0000000000000000 is an unknown value
R9 =0x0000000000000000 is an unknown value
R10=0x00007fe35b600000 is an unknown value
R11=0x0000000000801ddf is an unknown value
R12=0x00007fe35b694280 is an unknown value
R13=0x0000000000000000 is an unknown value
R14=0x00007fe35b694280 is an unknown value
R15=0x00007fe35dac0400 is an unknown value


Stack: [0x0000000119727000,0x0000000119827000],  sp=0x00000001198251f0,  free space=1016k
Native frames: (J=compiled Java code, j=interpreted, Vv=VM code, C=native code)
C  [libtesseract.dylib+0x12faa]  _ZN9tesseract9Tesseract15recog_all_wordsEP8PAGE_RESP10ETEXT_DESCPK4TBOXPKci+0xb0
C  [libtesseract.dylib+0x448e]  _ZN9tesseract11TessBaseAPI9RecognizeEP10ETEXT_DESC+0x314
C  [libtesseract.dylib+0x3061]  _ZN9tesseract11TessBaseAPI11GetUTF8TextEv+0x33
C  [jna6397294931029586883.tmp+0xe134]  ffi_call_unix64+0x4c
C  0x0000000119825e48

Java frames: (J=compiled Java code, j=interpreted, Vv=VM code)
j  com.sun.jna.Native.invokePointer(JI[Ljava/lang/Object;)J+0
j  com.sun.jna.Function.invokePointer(I[Ljava/lang/Object;)Lcom/sun/jna/Pointer;+6
j  com.sun.jna.Function.invoke([Ljava/lang/Object;Ljava/lang/Class;Z)Ljava/lang/Object;+414
j  com.sun.jna.Function.invoke(Ljava/lang/reflect/Method;[Ljava/lang/Class;Ljava/lang/Class;[Ljava/lang/Object;Ljava/util/Map;)Ljava/lang/Object;+249
j  com.sun.jna.Library$Handler.invoke(Ljava/lang/Object;Ljava/lang/reflect/Method;[Ljava/lang/Object;)Ljava/lang/Object;+348
j  com.sun.proxy.$Proxy9.TessBaseAPIGetUTF8Text(Lnet/sourceforge/tess4j/ITessAPI$TessBaseAPI;)Lcom/sun/jna/Pointer;+16
j  net.sourceforge.tess4j.Tesseract.getOCRText(Ljava/lang/String;I)Ljava/lang/String;+62
j  net.sourceforge.tess4j.Tesseract.doOCR(Ljava/util/List;Ljava/lang/String;Ljava/awt/Rectangle;)Ljava/lang/String;+69
j  net.sourceforge.tess4j.Tesseract.doOCR(Ljava/util/List;Ljava/awt/Rectangle;)Ljava/lang/String;+4
j  net.sourceforge.tess4j.Tesseract.doOCR(Ljava/awt/image/BufferedImage;Ljava/awt/Rectangle;)Ljava/lang/String;+6
j  net.sourceforge.tess4j.Tesseract.doOCR(Ljava/awt/image/BufferedImage;)Ljava/lang/String;+3
j  com.jeremydyer.processors.tesseract.TesseractOCR$1.process(Ljava/io/InputStream;Ljava/io/OutputStream;)V+69
j  org.apache.nifi.util.MockProcessSession.write(Lorg/apache/nifi/flowfile/FlowFile;Lorg/apache/nifi/processor/io/StreamCallback;)Lorg/apache/nifi/util/MockFlowFile;+72
j  org.apache.nifi.util.MockProcessSession.write(Lorg/apache/nifi/flowfile/FlowFile;Lorg/apache/nifi/processor/io/StreamCallback;)Lorg/apache/nifi/flowfile/FlowFile;+3
j  com.jeremydyer.processors.tesseract.TesseractOCR.onTrigger(Lorg/apache/nifi/processor/ProcessContext;Lorg/apache/nifi/processor/ProcessSession;)V+25
j  org.apache.nifi.processor.AbstractProcessor.onTrigger(Lorg/apache/nifi/processor/ProcessContext;Lorg/apache/nifi/processor/ProcessSessionFactory;)V+10
j  org.apache.nifi.util.StandardProcessorTestRunner$RunProcessor.call()Ljava/lang/Throwable;+32
j  org.apache.nifi.util.StandardProcessorTestRunner$RunProcessor.call()Ljava/lang/Object;+1
j  java.util.concurrent.FutureTask.run()V+42
j  java.util.concurrent.ThreadPoolExecutor.runWorker(Ljava/util/concurrent/ThreadPoolExecutor$Worker;)V+95
j  java.util.concurrent.ThreadPoolExecutor$Worker.run()V+5
j  java.lang.Thread.run()V+11
v  ~StubRoutines::call_stub

---------------  P R O C E S S  ---------------

Java Threads: ( => current thread )
  0x00007fe35daa6000 JavaThread "Java2D Disposer" daemon [_thread_blocked, id=54795, stack(0x000000011e8d0000,0x000000011e9d0000)]
  0x00007fe35c0aa000 JavaThread "AWT-Shutdown" [_thread_blocked, id=32275, stack(0x000000011b7e1000,0x000000011b8e1000)]
  0x00007fe35c990800 JavaThread "AWT-AppKit" daemon [_thread_in_native, id=1299, stack(0x00007fff5ed9a000,0x00007fff5f59a000)]
=>0x00007fe35b9e6800 JavaThread "pool-1-thread-1" [_thread_in_native, id=23047, stack(0x0000000119727000,0x0000000119827000)]
  0x00007fe35c82a000 JavaThread "Service Thread" daemon [_thread_blocked, id=20739, stack(0x0000000119210000,0x0000000119310000)]
  0x00007fe35b837000 JavaThread "C1 CompilerThread3" daemon [_thread_blocked, id=20227, stack(0x000000011910d000,0x000000011920d000)]
  0x00007fe35b81f800 JavaThread "C2 CompilerThread2" daemon [_thread_blocked, id=19715, stack(0x000000011900a000,0x000000011910a000)]
  0x00007fe35c016000 JavaThread "C2 CompilerThread1" daemon [_thread_blocked, id=19203, stack(0x0000000118f07000,0x0000000119007000)]
  0x00007fe35d81a000 JavaThread "C2 CompilerThread0" daemon [_thread_blocked, id=18691, stack(0x0000000118e04000,0x0000000118f04000)]
  0x00007fe35d801000 JavaThread "Signal Dispatcher" daemon [_thread_blocked, id=14611, stack(0x0000000118d01000,0x0000000118e01000)]
  0x00007fe35c857000 JavaThread "Finalizer" daemon [_thread_blocked, id=13571, stack(0x00000001172e5000,0x00000001173e5000)]
  0x00007fe35c856000 JavaThread "Reference Handler" daemon [_thread_blocked, id=13059, stack(0x00000001171e2000,0x00000001172e2000)]
  0x00007fe35b805800 JavaThread "main" [_thread_blocked, id=4867, stack(0x000000010276a000,0x000000010286a000)]

Other Threads:
  0x00007fe35c853800 VMThread [stack: 0x00000001170df000,0x00000001171df000] [id=12547]
  0x00007fe35e001000 WatcherThread [stack: 0x0000000119313000,0x0000000119413000] [id=21251]

VM state:not at safepoint (normal execution)

VM Mutex/Monitor currently owned by a thread: None

Heap:
 PSYoungGen      total 76288K, used 52582K [0x00000007aab00000, 0x00000007b0000000, 0x00000007c0000000)
  eden space 65536K, 80% used [0x00000007aab00000,0x00000007ade599b0,0x00000007aeb00000)
  from space 10752K, 0% used [0x00000007af580000,0x00000007af580000,0x00000007b0000000)
  to   space 10752K, 0% used [0x00000007aeb00000,0x00000007aeb00000,0x00000007af580000)
 ParOldGen       total 175104K, used 0K [0x0000000780000000, 0x000000078ab00000, 0x00000007aab00000)
  object space 175104K, 0% used [0x0000000780000000,0x0000000780000000,0x000000078ab00000)
 Metaspace       used 12557K, capacity 12766K, committed 12928K, reserved 1060864K
  class space    used 1584K, capacity 1655K, committed 1664K, reserved 1048576K

Card table byte_map: [0x0000000111c35000,0x0000000111e36000] byte_map_base: 0x000000010e035000

Marking Bits: (ParMarkBitMap*) 0x00000001020c27a0
 Begin Bits: [0x00000001127a4000, 0x00000001137a4000)
 End Bits:   [0x00000001137a4000, 0x00000001147a4000)

Polling page: 0x00000001007f1000

CodeCache: size=245760Kb used=3670Kb max_used=3670Kb free=242089Kb
 bounds [0x0000000102875000, 0x0000000102c15000, 0x0000000111875000]
 total_blobs=1313 nmethods=922 adapters=305
 compilation: enabled

Compilation events (10 events):
Event: 1.652 Thread 0x00007fe35b837000  917       1       java.awt.image.ColorModel::isAlphaPremultiplied (5 bytes)
Event: 1.653 Thread 0x00007fe35b837000 nmethod 917 0x0000000102c0b290 code [0x0000000102c0b3e0, 0x0000000102c0b4f0]
Event: 1.653 Thread 0x00007fe35b837000  918       1       java.awt.image.ColorModel::getNumComponents (5 bytes)
Event: 1.653 Thread 0x00007fe35b837000 nmethod 918 0x0000000102c0b550 code [0x0000000102c0b6a0, 0x0000000102c0b7b0]
Event: 1.653 Thread 0x00007fe35b837000  916       1       java.awt.image.DataBuffer::getNumBanks (5 bytes)
Event: 1.653 Thread 0x00007fe35b837000 nmethod 916 0x0000000102c0b810 code [0x0000000102c0b960, 0x0000000102c0ba70]
Event: 1.653 Thread 0x00007fe35b837000  921       3       java.lang.Math::min (12 bytes)
Event: 1.653 Thread 0x00007fe35b837000 nmethod 921 0x0000000102c0bad0 code [0x0000000102c0bc40, 0x0000000102c0bdd0]
Event: 1.653 Thread 0x00007fe35b837000  922       3       java.io.RandomAccessFile::readFully (45 bytes)
Event: 1.653 Thread 0x00007fe35b837000 nmethod 922 0x0000000102c0be50 code [0x0000000102c0bfe0, 0x0000000102c0c3b8]

GC Heap History (0 events):
No events

Deoptimization events (5 events):
Event: 0.187 Thread 0x00007fe35b805800 Uncommon trap: reason=unstable_if action=reinterpret pc=0x0000000102a0b568 method=java.lang.String.indexOf([CII[CIII)I @ 123
Event: 0.187 Thread 0x00007fe35b805800 Uncommon trap: reason=unstable_if action=reinterpret pc=0x00000001029ef454 method=java.lang.String.indexOf([CII[CIII)I @ 123
Event: 0.218 Thread 0x00007fe35b805800 Uncommon trap: reason=unstable_if action=reinterpret pc=0x0000000102a5b3cc method=sun.misc.MetaIndex.mayContain(Ljava/lang/String;)Z @ 13
Event: 1.041 Thread 0x00007fe35b805800 Uncommon trap: reason=unstable_if action=reinterpret pc=0x0000000102ae59ec method=sun.misc.MetaIndex.mayContain(Ljava/lang/String;)Z @ 38
Event: 1.053 Thread 0x00007fe35b805800 Uncommon trap: reason=unstable_if action=reinterpret pc=0x0000000102a7980c method=java.lang.String.indexOf([CII[CIII)I @ 3

Internal exceptions (10 events):
Event: 1.011 Thread 0x00007fe35b805800 Exception <a 'java/lang/ArrayIndexOutOfBoundsException'> (0x00000007abd45518) thrown at [/Users/java_re/workspace/8-2-build-macosx-x86_64/jdk8u45/3457/hotspot/src/share/vm/runtime/sharedRuntime.cpp, line 605]
Event: 1.011 Thread 0x00007fe35b805800 Exception <a 'java/lang/ClassNotFoundException': ch/qos/logback/core/pattern/PatternLayoutEncoderBaseCustomizer> (0x00000007abd5e800) thrown at [/Users/java_re/workspace/8-2-build-macosx-x86_64/jdk8u45/3457/hotspot/src/share/vm/classfile/systemDictionary.
Event: 1.012 Thread 0x00007fe35b805800 Exception <a 'java/lang/ArrayIndexOutOfBoundsException'> (0x00000007abd62030) thrown at [/Users/java_re/workspace/8-2-build-macosx-x86_64/jdk8u45/3457/hotspot/src/share/vm/runtime/sharedRuntime.cpp, line 605]
Event: 1.012 Thread 0x00007fe35b805800 Exception <a 'java/lang/ArrayIndexOutOfBoundsException'> (0x00000007abd647b8) thrown at [/Users/java_re/workspace/8-2-build-macosx-x86_64/jdk8u45/3457/hotspot/src/share/vm/runtime/sharedRuntime.cpp, line 605]
Event: 1.013 Thread 0x00007fe35b805800 Exception <a 'java/lang/ClassNotFoundException': ch/qos/logback/classic/encoder/PatternLayoutEncoderCustomizer> (0x00000007abd82488) thrown at [/Users/java_re/workspace/8-2-build-macosx-x86_64/jdk8u45/3457/hotspot/src/share/vm/classfile/systemDictionary.c
Event: 1.013 Thread 0x00007fe35b805800 Exception <a 'java/lang/ArrayIndexOutOfBoundsException'> (0x00000007abd85720) thrown at [/Users/java_re/workspace/8-2-build-macosx-x86_64/jdk8u45/3457/hotspot/src/share/vm/runtime/sharedRuntime.cpp, line 605]
Event: 1.349 Thread 0x00007fe35b9e6800 Exception <a 'java/io/FileNotFoundException'> (0x00000007ac40cf00) thrown at [/Users/java_re/workspace/8-2-build-macosx-x86_64/jdk8u45/3457/hotspot/src/share/vm/prims/jni.cpp, line 709]
Event: 1.349 Thread 0x00007fe35b9e6800 Exception <a 'java/io/FileNotFoundException'> (0x00000007ac40d9c0) thrown at [/Users/java_re/workspace/8-2-build-macosx-x86_64/jdk8u45/3457/hotspot/src/share/vm/prims/jni.cpp, line 709]
Event: 1.420 Thread 0x00007fe35b9e6800 Exception <a 'java/lang/NoSuchFieldError': method resolution failed> (0x00000007ac84ef98) thrown at [/Users/java_re/workspace/8-2-build-macosx-x86_64/jdk8u45/3457/hotspot/src/share/vm/prims/methodHandles.cpp, line 1125]
Event: 1.421 Thread 0x00007fe35b9e6800 Exception <a 'java/lang/NoSuchFieldError': method resolution failed> (0x00000007ac85d8f8) thrown at [/Users/java_re/workspace/8-2-build-macosx-x86_64/jdk8u45/3457/hotspot/src/share/vm/prims/methodHandles.cpp, line 1125]

Events (10 events):
Event: 1.647 loading class java/awt/image/DataBufferUShort
Event: 1.647 loading class java/awt/image/DataBufferUShort done
Event: 1.647 loading class java/awt/image/DataBufferShort
Event: 1.648 loading class java/awt/image/DataBufferShort done
Event: 1.648 loading class java/awt/image/DataBufferInt
Event: 1.648 loading class java/awt/image/DataBufferInt done
Event: 1.656 loading class java/lang/StrictMath
Event: 1.656 loading class java/lang/StrictMath done
Event: 1.656 loading class com/sun/jna/Native$Buffers
Event: 1.656 loading class com/sun/jna/Native$Buffers done


Dynamic libraries:
0x0000000009891000 	/System/Library/Frameworks/Cocoa.framework/Versions/A/Cocoa
0x0000000009891000 	/System/Library/Frameworks/Security.framework/Versions/A/Security
0x0000000009891000 	/System/Library/Frameworks/ApplicationServices.framework/Versions/A/ApplicationServices
0x0000000009891000 	/usr/lib/libz.1.dylib
0x0000000009891000 	/usr/lib/libSystem.B.dylib
0x0000000009891000 	/usr/lib/libobjc.A.dylib
0x0000000009891000 	/System/Library/Frameworks/CoreFoundation.framework/Versions/A/CoreFoundation
0x0000000009891000 	/System/Library/Frameworks/Foundation.framework/Versions/C/Foundation
0x0000000009891000 	/System/Library/Frameworks/AppKit.framework/Versions/C/AppKit
0x0000000009891000 	/System/Library/Frameworks/CoreData.framework/Versions/A/CoreData
0x0000000009891000 	/System/Library/PrivateFrameworks/RemoteViewServices.framework/Versions/A/RemoteViewServices
0x0000000009891000 	/System/Library/PrivateFrameworks/UIFoundation.framework/Versions/A/UIFoundation
0x0000000009891000 	/System/Library/Frameworks/IOSurface.framework/Versions/A/IOSurface
0x0000000009891000 	/System/Library/Frameworks/AudioToolbox.framework/Versions/A/AudioToolbox
0x0000000009891000 	/System/Library/Frameworks/AudioUnit.framework/Versions/A/AudioUnit
0x0000000009891000 	/System/Library/PrivateFrameworks/DataDetectorsCore.framework/Versions/A/DataDetectorsCore
0x0000000009891000 	/System/Library/PrivateFrameworks/DesktopServicesPriv.framework/Versions/A/DesktopServicesPriv
0x0000000009891000 	/System/Library/Frameworks/Carbon.framework/Versions/A/Frameworks/HIToolbox.framework/Versions/A/HIToolbox
0x0000000009891000 	/System/Library/Frameworks/QuartzCore.framework/Versions/A/QuartzCore
0x0000000009891000 	/System/Library/Frameworks/Carbon.framework/Versions/A/Frameworks/SpeechRecognition.framework/Versions/A/SpeechRecognition
0x0000000009891000 	/usr/lib/libauto.dylib
0x0000000009891000 	/usr/lib/libicucore.A.dylib
0x0000000009891000 	/usr/lib/libxml2.2.dylib
0x0000000009891000 	/System/Library/PrivateFrameworks/CoreUI.framework/Versions/A/CoreUI
0x0000000009891000 	/System/Library/Frameworks/CoreAudio.framework/Versions/A/CoreAudio
0x0000000009891000 	/System/Library/Frameworks/DiskArbitration.framework/Versions/A/DiskArbitration
0x0000000009891000 	/usr/lib/liblangid.dylib
0x0000000009891000 	/System/Library/PrivateFrameworks/MultitouchSupport.framework/Versions/A/MultitouchSupport
0x0000000009891000 	/System/Library/Frameworks/IOKit.framework/Versions/A/IOKit
0x0000000009891000 	/usr/lib/libDiagnosticMessagesClient.dylib
0x0000000009891000 	/System/Library/Frameworks/CoreServices.framework/Versions/A/CoreServices
0x0000000009891000 	/System/Library/PrivateFrameworks/PerformanceAnalysis.framework/Versions/A/PerformanceAnalysis
0x0000000009891000 	/System/Library/PrivateFrameworks/GenerationalStorage.framework/Versions/A/GenerationalStorage
0x0000000009891000 	/System/Library/Frameworks/OpenGL.framework/Versions/A/OpenGL
0x0000000009891000 	/System/Library/PrivateFrameworks/Sharing.framework/Versions/A/Sharing
0x0000000009891000 	/System/Library/Frameworks/CoreGraphics.framework/Versions/A/CoreGraphics
0x0000000009891000 	/System/Library/Frameworks/CoreText.framework/Versions/A/CoreText
0x0000000009891000 	/System/Library/Frameworks/ImageIO.framework/Versions/A/ImageIO
0x0000000009891000 	/usr/lib/libextension.dylib
0x0000000009891000 	/System/Library/PrivateFrameworks/Backup.framework/Versions/A/Backup
0x0000000009891000 	/usr/lib/libarchive.2.dylib
0x0000000009891000 	/System/Library/Frameworks/CFNetwork.framework/Versions/A/CFNetwork
0x0000000009891000 	/System/Library/Frameworks/SystemConfiguration.framework/Versions/A/SystemConfiguration
0x0000000009891000 	/usr/lib/libCRFSuite.dylib
0x0000000009891000 	/usr/lib/libc++.1.dylib
0x0000000009891000 	/usr/lib/libc++abi.dylib
0x0000000009891000 	/usr/lib/system/libcache.dylib
0x0000000009891000 	/usr/lib/system/libcommonCrypto.dylib
0x0000000009891000 	/usr/lib/system/libcompiler_rt.dylib
0x0000000009891000 	/usr/lib/system/libcopyfile.dylib
0x0000000009891000 	/usr/lib/system/libcorecrypto.dylib
0x0000000009891000 	/usr/lib/system/libdispatch.dylib
0x0000000009891000 	/usr/lib/system/libdyld.dylib
0x0000000009891000 	/usr/lib/system/libkeymgr.dylib
0x0000000009891000 	/usr/lib/system/liblaunch.dylib
0x0000000009891000 	/usr/lib/system/libmacho.dylib
0x0000000009891000 	/usr/lib/system/libquarantine.dylib
0x0000000009891000 	/usr/lib/system/libremovefile.dylib
0x0000000009891000 	/usr/lib/system/libsystem_asl.dylib
0x0000000009891000 	/usr/lib/system/libsystem_blocks.dylib
0x0000000009891000 	/usr/lib/system/libsystem_c.dylib
0x0000000009891000 	/usr/lib/system/libsystem_configuration.dylib
0x0000000009891000 	/usr/lib/system/libsystem_coreservices.dylib
0x0000000009891000 	/usr/lib/system/libsystem_coretls.dylib
0x0000000009891000 	/usr/lib/system/libsystem_dnssd.dylib
0x0000000009891000 	/usr/lib/system/libsystem_info.dylib
0x0000000009891000 	/usr/lib/system/libsystem_kernel.dylib
0x0000000009891000 	/usr/lib/system/libsystem_m.dylib
0x0000000009891000 	/usr/lib/system/libsystem_malloc.dylib
0x0000000009891000 	/usr/lib/system/libsystem_network.dylib
0x0000000009891000 	/usr/lib/system/libsystem_networkextension.dylib
0x0000000009891000 	/usr/lib/system/libsystem_notify.dylib
0x0000000009891000 	/usr/lib/system/libsystem_platform.dylib
0x0000000009891000 	/usr/lib/system/libsystem_pthread.dylib
0x0000000009891000 	/usr/lib/system/libsystem_sandbox.dylib
0x0000000009891000 	/usr/lib/system/libsystem_secinit.dylib
0x0000000009891000 	/usr/lib/system/libsystem_stats.dylib
0x0000000009891000 	/usr/lib/system/libsystem_trace.dylib
0x0000000009891000 	/usr/lib/system/libunc.dylib
0x0000000009891000 	/usr/lib/system/libunwind.dylib
0x0000000009891000 	/usr/lib/system/libxpc.dylib
0x0000000009891000 	/usr/lib/libbz2.1.0.dylib
0x0000000009891000 	/usr/lib/liblzma.5.dylib
0x0000000009891000 	/usr/lib/libbsm.0.dylib
0x0000000009891000 	/usr/lib/libsqlite3.dylib
0x0000000009891000 	/usr/lib/system/libkxld.dylib
0x0000000009891000 	/usr/lib/libxar.1.dylib
0x0000000009891000 	/usr/lib/libpam.2.dylib
0x0000000009891000 	/usr/lib/libOpenScriptingUtil.dylib
0x0000000009891000 	/System/Library/Frameworks/CoreServices.framework/Versions/A/Frameworks/FSEvents.framework/Versions/A/FSEvents
0x0000000009891000 	/System/Library/Frameworks/CoreServices.framework/Versions/A/Frameworks/CarbonCore.framework/Versions/A/CarbonCore
0x0000000009891000 	/System/Library/Frameworks/CoreServices.framework/Versions/A/Frameworks/Metadata.framework/Versions/A/Metadata
0x0000000009891000 	/System/Library/Frameworks/CoreServices.framework/Versions/A/Frameworks/OSServices.framework/Versions/A/OSServices
0x0000000009891000 	/System/Library/Frameworks/CoreServices.framework/Versions/A/Frameworks/SearchKit.framework/Versions/A/SearchKit
0x0000000009891000 	/System/Library/Frameworks/CoreServices.framework/Versions/A/Frameworks/AE.framework/Versions/A/AE
0x0000000009891000 	/System/Library/Frameworks/CoreServices.framework/Versions/A/Frameworks/LaunchServices.framework/Versions/A/LaunchServices
0x0000000009891000 	/System/Library/Frameworks/CoreServices.framework/Versions/A/Frameworks/DictionaryServices.framework/Versions/A/DictionaryServices
0x0000000009891000 	/System/Library/Frameworks/NetFS.framework/Versions/A/NetFS
0x0000000009891000 	/System/Library/PrivateFrameworks/NetAuth.framework/Versions/A/NetAuth
0x0000000009891000 	/System/Library/PrivateFrameworks/login.framework/Versions/A/Frameworks/loginsupport.framework/Versions/A/loginsupport
0x0000000009891000 	/System/Library/PrivateFrameworks/TCC.framework/Versions/A/TCC
0x0000000009891000 	/usr/lib/libmecabra.dylib
0x0000000009891000 	/System/Library/Frameworks/ApplicationServices.framework/Versions/A/Frameworks/ATS.framework/Versions/A/ATS
0x0000000009891000 	/System/Library/Frameworks/ApplicationServices.framework/Versions/A/Frameworks/ColorSync.framework/Versions/A/ColorSync
0x0000000009891000 	/System/Library/Frameworks/ApplicationServices.framework/Versions/A/Frameworks/HIServices.framework/Versions/A/HIServices
0x0000000009891000 	/System/Library/Frameworks/ApplicationServices.framework/Versions/A/Frameworks/LangAnalysis.framework/Versions/A/LangAnalysis
0x0000000009891000 	/System/Library/Frameworks/ApplicationServices.framework/Versions/A/Frameworks/PrintCore.framework/Versions/A/PrintCore
0x0000000009891000 	/System/Library/Frameworks/ApplicationServices.framework/Versions/A/Frameworks/QD.framework/Versions/A/QD
0x0000000009891000 	/System/Library/Frameworks/ApplicationServices.framework/Versions/A/Frameworks/SpeechSynthesis.framework/Versions/A/SpeechSynthesis
0x0000000009891000 	/System/Library/Frameworks/Accelerate.framework/Versions/A/Accelerate
0x0000000009891000 	/System/Library/Frameworks/Accelerate.framework/Versions/A/Frameworks/vImage.framework/Versions/A/vImage
0x0000000009891000 	/System/Library/Frameworks/Accelerate.framework/Versions/A/Frameworks/vecLib.framework/Versions/A/vecLib
0x0000000009891000 	/System/Library/Frameworks/Accelerate.framework/Versions/A/Frameworks/vecLib.framework/Versions/A/libvDSP.dylib
0x0000000009891000 	/System/Library/Frameworks/Accelerate.framework/Versions/A/Frameworks/vecLib.framework/Versions/A/libvMisc.dylib
0x0000000009891000 	/System/Library/Frameworks/Accelerate.framework/Versions/A/Frameworks/vecLib.framework/Versions/A/libLAPACK.dylib
0x0000000009891000 	/System/Library/Frameworks/Accelerate.framework/Versions/A/Frameworks/vecLib.framework/Versions/A/libBLAS.dylib
0x0000000009891000 	/System/Library/Frameworks/Accelerate.framework/Versions/A/Frameworks/vecLib.framework/Versions/A/libLinearAlgebra.dylib
0x0000000009891000 	/System/Library/Frameworks/ApplicationServices.framework/Versions/A/Frameworks/ATS.framework/Versions/A/Resources/libFontParser.dylib
0x0000000009891000 	/System/Library/Frameworks/ApplicationServices.framework/Versions/A/Frameworks/ATS.framework/Versions/A/Resources/libFontRegistry.dylib
0x0000000009891000 	/System/Library/PrivateFrameworks/AppleVPA.framework/Versions/A/AppleVPA
0x0000000009891000 	/System/Library/PrivateFrameworks/AppleJPEG.framework/Versions/A/AppleJPEG
0x0000000009891000 	/System/Library/Frameworks/ImageIO.framework/Versions/A/Resources/libJPEG.dylib
0x0000000009891000 	/System/Library/Frameworks/ImageIO.framework/Versions/A/Resources/libTIFF.dylib
0x0000000009891000 	/System/Library/Frameworks/ImageIO.framework/Versions/A/Resources/libPng.dylib
0x0000000009891000 	/System/Library/Frameworks/ImageIO.framework/Versions/A/Resources/libGIF.dylib
0x0000000009891000 	/System/Library/Frameworks/ImageIO.framework/Versions/A/Resources/libJP2.dylib
0x0000000009891000 	/System/Library/Frameworks/ImageIO.framework/Versions/A/Resources/libRadiance.dylib
0x0000000009891000 	/System/Library/Frameworks/CoreVideo.framework/Versions/A/CoreVideo
0x0000000009891000 	/System/Library/Frameworks/OpenGL.framework/Versions/A/Libraries/libGLU.dylib
0x0000000009891000 	/System/Library/Frameworks/OpenGL.framework/Versions/A/Libraries/libGFXShared.dylib
0x0000000009891000 	/System/Library/Frameworks/OpenGL.framework/Versions/A/Libraries/libGL.dylib
0x0000000009891000 	/System/Library/Frameworks/OpenGL.framework/Versions/A/Libraries/libGLImage.dylib
0x0000000009891000 	/System/Library/Frameworks/OpenGL.framework/Versions/A/Libraries/libCVMSPluginSupport.dylib
0x0000000009891000 	/System/Library/Frameworks/OpenGL.framework/Versions/A/Libraries/libCoreVMClient.dylib
0x0000000009891000 	/usr/lib/libcups.2.dylib
0x0000000009891000 	/System/Library/Frameworks/Kerberos.framework/Versions/A/Kerberos
0x0000000009891000 	/System/Library/Frameworks/GSS.framework/Versions/A/GSS
0x0000000009891000 	/usr/lib/libresolv.9.dylib
0x0000000009891000 	/usr/lib/libiconv.2.dylib
0x0000000009891000 	/System/Library/PrivateFrameworks/Heimdal.framework/Versions/A/Heimdal
0x0000000009891000 	/usr/lib/libheimdal-asn1.dylib
0x0000000009891000 	/System/Library/Frameworks/OpenDirectory.framework/Versions/A/OpenDirectory
0x0000000009891000 	/System/Library/PrivateFrameworks/CommonAuth.framework/Versions/A/CommonAuth
0x0000000009891000 	/System/Library/Frameworks/OpenDirectory.framework/Versions/A/Frameworks/CFOpenDirectory.framework/Versions/A/CFOpenDirectory
0x0000000009891000 	/System/Library/Frameworks/SecurityFoundation.framework/Versions/A/SecurityFoundation
0x0000000009891000 	/System/Library/PrivateFrameworks/LanguageModeling.framework/Versions/A/LanguageModeling
0x0000000009891000 	/usr/lib/libcmph.dylib
0x0000000009891000 	/System/Library/Frameworks/ServiceManagement.framework/Versions/A/ServiceManagement
0x0000000009891000 	/usr/lib/libxslt.1.dylib
0x0000000009891000 	/System/Library/Frameworks/Carbon.framework/Versions/A/Frameworks/Ink.framework/Versions/A/Ink
0x0000000009891000 	/System/Library/Frameworks/QuartzCore.framework/Versions/A/Frameworks/CoreImage.framework/Versions/A/CoreImage
0x0000000009891000 	/System/Library/PrivateFrameworks/CrashReporterSupport.framework/Versions/A/CrashReporterSupport
0x0000000009891000 	/System/Library/Frameworks/OpenCL.framework/Versions/A/OpenCL
0x0000000009891000 	/System/Library/PrivateFrameworks/FaceCore.framework/Versions/A/FaceCore
0x0000000009891000 	/System/Library/PrivateFrameworks/Ubiquity.framework/Versions/A/Ubiquity
0x0000000009891000 	/System/Library/PrivateFrameworks/IconServices.framework/Versions/A/IconServices
0x0000000009891000 	/System/Library/PrivateFrameworks/ChunkingLibrary.framework/Versions/A/ChunkingLibrary
0x0000000009891000 	/System/Library/PrivateFrameworks/Apple80211.framework/Versions/A/Apple80211
0x0000000009891000 	/System/Library/Frameworks/CoreWLAN.framework/Versions/A/CoreWLAN
0x0000000009891000 	/System/Library/Frameworks/IOBluetooth.framework/Versions/A/IOBluetooth
0x0000000009891000 	/System/Library/PrivateFrameworks/CoreWiFi.framework/Versions/A/CoreWiFi
0x0000000009891000 	/System/Library/Frameworks/CoreBluetooth.framework/Versions/A/CoreBluetooth
0x0000000009891000 	/System/Library/PrivateFrameworks/DebugSymbols.framework/Versions/A/DebugSymbols
0x0000000009891000 	/System/Library/PrivateFrameworks/CoreSymbolication.framework/Versions/A/CoreSymbolication
0x0000000009891000 	/System/Library/PrivateFrameworks/Symbolication.framework/Versions/A/Symbolication
0x0000000009891000 	/System/Library/PrivateFrameworks/SpeechRecognitionCore.framework/Versions/A/SpeechRecognitionCore
0x0000000101800000 	/Library/Java/JavaVirtualMachines/jdk1.8.0_45.jdk/Contents/Home/jre/lib/server/libjvm.dylib
0x0000000009891000 	/usr/lib/libstdc++.6.dylib
0x00000001007ae000 	/Library/Java/JavaVirtualMachines/jdk1.8.0_45.jdk/Contents/Home/jre/lib/libverify.dylib
0x00000001007bc000 	/Library/Java/JavaVirtualMachines/jdk1.8.0_45.jdk/Contents/Home/jre/lib/libjava.dylib
0x000000010286c000 	/Library/Java/JavaVirtualMachines/jdk1.8.0_45.jdk/Contents/Home/jre/lib/libzip.dylib
0x00000001173e7000 	/System/Library/Frameworks/JavaVM.framework/Frameworks/JavaRuntimeSupport.framework/JavaRuntimeSupport
0x00000001173fd000 	/System/Library/Frameworks/JavaVM.framework/Versions/A/Frameworks/JavaNativeFoundation.framework/Versions/A/JavaNativeFoundation
0x0000000117411000 	/System/Library/Frameworks/JavaVM.framework/Versions/A/JavaVM
0x0000000009891000 	/System/Library/Frameworks/Carbon.framework/Versions/A/Carbon
0x000000011741d000 	/System/Library/PrivateFrameworks/JavaLaunching.framework/Versions/A/JavaLaunching
0x0000000009891000 	/System/Library/Frameworks/Carbon.framework/Versions/A/Frameworks/CommonPanels.framework/Versions/A/CommonPanels
0x0000000009891000 	/System/Library/Frameworks/Carbon.framework/Versions/A/Frameworks/Help.framework/Versions/A/Help
0x0000000009891000 	/System/Library/Frameworks/Carbon.framework/Versions/A/Frameworks/ImageCapture.framework/Versions/A/ImageCapture
0x0000000009891000 	/System/Library/Frameworks/Carbon.framework/Versions/A/Frameworks/OpenScripting.framework/Versions/A/OpenScripting
0x0000000009891000 	/System/Library/Frameworks/Carbon.framework/Versions/A/Frameworks/Print.framework/Versions/A/Print
0x0000000009891000 	/System/Library/Frameworks/Carbon.framework/Versions/A/Frameworks/SecurityHI.framework/Versions/A/SecurityHI
0x00000001196d3000 	/Library/Java/JavaVirtualMachines/jdk1.8.0_45.jdk/Contents/Home/jre/lib/libnet.dylib
0x0000000119716000 	/Library/Java/JavaVirtualMachines/jdk1.8.0_45.jdk/Contents/Home/jre/lib/libnio.dylib
0x0000000119a29000 	/Library/Java/JavaVirtualMachines/jdk1.8.0_45.jdk/Contents/Home/jre/lib/libawt.dylib
0x0000000119ad1000 	/Library/Java/JavaVirtualMachines/jdk1.8.0_45.jdk/Contents/Home/jre/lib/./libmlib_image.dylib
0x0000000119b9d000 	/Library/Java/JavaVirtualMachines/jdk1.8.0_45.jdk/Contents/Home/jre/lib/libawt_lwawt.dylib
0x0000000119c51000 	/Library/Java/JavaVirtualMachines/jdk1.8.0_45.jdk/Contents/Home/jre/lib/./libosxapp.dylib
0x0000000009891000 	/System/Library/Frameworks/ExceptionHandling.framework/Versions/A/ExceptionHandling
0x0000000009891000 	/System/Library/PrivateFrameworks/CoreServicesInternal.framework/Versions/A/CoreServicesInternal
0x0000000009891000 	/System/Library/PrivateFrameworks/CloudDocs.framework/Versions/A/CloudDocs
0x0000000009891000 	/System/Library/PrivateFrameworks/CoreDuet.framework/Versions/A/CoreDuet
0x0000000009891000 	/System/Library/Frameworks/CloudKit.framework/Versions/A/CloudKit
0x0000000009891000 	/System/Library/PrivateFrameworks/ProtocolBuffer.framework/Versions/A/ProtocolBuffer
0x0000000009891000 	/System/Library/PrivateFrameworks/CoreDuetDaemonProtocol.framework/Versions/A/CoreDuetDaemonProtocol
0x0000000009891000 	/System/Library/PrivateFrameworks/CoreDuetDebugLogging.framework/Versions/A/CoreDuetDebugLogging
0x0000000009891000 	/System/Library/PrivateFrameworks/MMCS.framework/Versions/A/MMCS
0x0000000009891000 	/System/Library/Frameworks/CoreLocation.framework/Versions/A/CoreLocation
0x0000000009891000 	/System/Library/PrivateFrameworks/ProtectedCloudStorage.framework/Versions/A/ProtectedCloudStorage
0x0000000009891000 	/System/Library/PrivateFrameworks/GeoServices.framework/Versions/A/GeoServices
0x0000000009891000 	/System/Library/Frameworks/CoreGraphics.framework/Versions/A/Resources/libCGCMS.A.dylib
0x0000000009891000 	/System/Library/Frameworks/CoreGraphics.framework/Versions/A/Resources/libRIP.A.dylib
0x0000000009891000 	/System/Library/Frameworks/CoreGraphics.framework/Versions/A/Resources/libCGXType.A.dylib
0x0000000009891000 	/System/Library/Frameworks/OpenCL.framework/Versions/A/Libraries/libcldcpuengine.dylib
0x0000000009891000 	/System/Library/PrivateFrameworks/DiskImages.framework/Versions/A/DiskImages
0x0000000009891000 	/System/Library/Frameworks/DiscRecording.framework/Versions/A/DiscRecording
0x0000000009891000 	/usr/lib/libcsfde.dylib
0x0000000009891000 	/usr/lib/libcurl.4.dylib
0x0000000009891000 	/System/Library/PrivateFrameworks/MediaKit.framework/Versions/A/MediaKit
0x0000000009891000 	/usr/lib/libCoreStorage.dylib
0x0000000009891000 	/System/Library/PrivateFrameworks/EFILogin.framework/Versions/A/EFILogin
0x0000000009891000 	/usr/lib/libutil.dylib
0x0000000009891000 	/System/Library/PrivateFrameworks/FindMyDevice.framework/Versions/A/FindMyDevice
0x0000000009891000 	/System/Library/Frameworks/LDAP.framework/Versions/A/LDAP
0x0000000009891000 	/usr/lib/libsasl2.2.dylib
0x0000000009891000 	/System/Library/PrivateFrameworks/CoreDaemon.framework/Versions/B/CoreDaemon
0x0000000009891000 	/usr/lib/libcrypto.0.9.8.dylib
0x0000000009891000 	/System/Library/PrivateFrameworks/AppleSRP.framework/Versions/A/AppleSRP
0x0000000009891000 	/System/Library/PrivateFrameworks/TrustEvaluationAgent.framework/Versions/A/TrustEvaluationAgent
0x000000011d2ed000 	cl_kernels
0x000000011d2ef000 	/System/Library/Frameworks/OpenCL.framework/Versions/A/Libraries/ImageFormats/unorm8_bgra.dylib
0x000000011d2df000 	cl_kernels
0x0000000009891000 	/System/Library/PrivateFrameworks/FamilyControls.framework/Versions/A/FamilyControls
0x0000000009891000 	/System/Library/PrivateFrameworks/CommerceKit.framework/Versions/A/Frameworks/CommerceCore.framework/Versions/A/CommerceCore
0x0000000009891000 	/System/Library/PrivateFrameworks/SystemAdministration.framework/Versions/A/SystemAdministration
0x0000000009891000 	/System/Library/PrivateFrameworks/AppContainer.framework/Versions/A/AppContainer
0x0000000009891000 	/System/Library/PrivateFrameworks/SecCodeWrapper.framework/Versions/A/SecCodeWrapper
0x0000000009891000 	/System/Library/Frameworks/DirectoryService.framework/Versions/A/DirectoryService
0x0000000009891000 	/System/Library/PrivateFrameworks/LoginUIKit.framework/Versions/A/Frameworks/LoginUICore.framework/Versions/A/LoginUICore
0x0000000009891000 	/usr/lib/libodfde.dylib
0x000000011e9d2000 	/Library/Java/JavaVirtualMachines/jdk1.8.0_45.jdk/Contents/Home/jre/lib/libjpeg.dylib
0x000000011c78d000 	/private/var/folders/p3/psr5lt5j4d7bs48h81r7km9h0000gn/T/jna-100991852/jna6397294931029586883.tmp
0x000000011ebff000 	/usr/local/lib/libtesseract.dylib
0x000000011f11d000 	/usr/local/lib/liblept.4.dylib
0x000000011f2f1000 	/usr/local/lib/libpng16.16.dylib
0x000000011f31d000 	/usr/local/lib/libjpeg.8.dylib
0x000000011f350000 	/usr/local/lib/libtiff.5.dylib

VM Arguments:
jvm_args: -Xmx1G -Djava.net.preferIPv4Stack=true 
java_command: /Users/jdyer/Development/github/nifi-addons/nifi-tesseract/nifi-tesseract-processors/target/surefire/surefirebooter3175420303385425814.jar /Users/jdyer/Development/github/nifi-addons/nifi-tesseract/nifi-tesseract-processors/target/surefire/surefire8115671757638360636tmp /Users/jdyer/Development/github/nifi-addons/nifi-tesseract/nifi-tesseract-processors/target/surefire/surefire_21458498526585736209tmp
java_class_path (initial): /Users/jdyer/Development/github/nifi-addons/nifi-tesseract/nifi-tesseract-processors/target/surefire/surefirebooter3175420303385425814.jar
Launcher Type: SUN_STANDARD

Environment Variables:
JAVA_HOME=/Library/Java/JavaVirtualMachines/jdk1.8.0_45.jdk/Contents/Home
PATH=/usr/local/bin:/usr/bin:/bin:/usr/sbin:/sbin:/usr/local/go/bin:/Users/jdyer/Development/go/bin
SHELL=/bin/bash

Signal Handlers:
SIGSEGV: [libjvm.dylib+0x58ef95], sa_mask[0]=11111111011111110111111111111111, sa_flags=SA_ONSTACK|SA_RESTART|SA_SIGINFO
SIGBUS: [libjvm.dylib+0x58ef95], sa_mask[0]=11111111011111110111111111111111, sa_flags=SA_RESTART|SA_SIGINFO
SIGFPE: [libjvm.dylib+0x46c108], sa_mask[0]=11111111011111110111111111111111, sa_flags=SA_RESTART|SA_SIGINFO
SIGPIPE: [libjvm.dylib+0x46c108], sa_mask[0]=11111111011111110111111111111111, sa_flags=SA_RESTART|SA_SIGINFO
SIGXFSZ: [libjvm.dylib+0x46c108], sa_mask[0]=11111111011111110111111111111111, sa_flags=SA_RESTART|SA_SIGINFO
SIGILL: [libjvm.dylib+0x46c108], sa_mask[0]=11111111011111110111111111111111, sa_flags=SA_RESTART|SA_SIGINFO
SIGUSR1: SIG_DFL, sa_mask[0]=11011111011111100000000111000110, sa_flags=none
SIGUSR2: [libjvm.dylib+0x46bc26], sa_mask[0]=00100000000000000000000000000000, sa_flags=SA_RESTART|SA_SIGINFO
SIGHUP: [libjvm.dylib+0x46a1f9], sa_mask[0]=11111111011111110111111111111111, sa_flags=SA_RESTART|SA_SIGINFO
SIGINT: [libjvm.dylib+0x46a1f9], sa_mask[0]=11111111011111110111111111111111, sa_flags=SA_RESTART|SA_SIGINFO
SIGTERM: [libjvm.dylib+0x46a1f9], sa_mask[0]=11111111011111110111111111111111, sa_flags=SA_RESTART|SA_SIGINFO
SIGQUIT: [libjvm.dylib+0x46a1f9], sa_mask[0]=11111111011111110111111111111111, sa_flags=SA_RESTART|SA_SIGINFO


---------------  S Y S T E M  ---------------

OS:Bsduname:Darwin 14.5.0 Darwin Kernel Version 14.5.0: Mon Jan 11 18:48:35 PST 2016; root:xnu-2782.50.2~1/RELEASE_X86_64 x86_64
rlimit: STACK 8192k, CORE 0k, NPROC 709, NOFILE 10240, AS infinity
load average:3.24 2.69 2.65

CPU:total 8 (4 cores per cpu, 2 threads per core) family 6 model 70 stepping 1, cmov, cx8, fxsr, mmx, sse, sse2, sse3, ssse3, sse4.1, sse4.2, popcnt, avx, avx2, aes, clmul, erms, rtm, lzcnt, ht, tsc, tscinvbit, bmi1, bmi2

Memory: 4k page, physical 16777216k(914928k free)

/proc/meminfo:


vm_info: Java HotSpot(TM) 64-Bit Server VM (25.45-b02) for bsd-amd64 JRE (1.8.0_45-b14), built on Apr 10 2015 10:46:38 by "java_re" with gcc 4.2.1 (Based on Apple Inc. build 5658) (LLVM build 2336.11.00)

time: Wed Apr 27 21:44:29 2016
elapsed time: 1 seconds (0d 0h 0m 1s)

